2024-12-11 13:34:48,843 [INFO] Activator:176 - 


2024-12-11 13:34:48,846 [INFO] Activator:177 - !SESSION log4j initialized
2024-12-11 13:35:01,459 [INFO] LogOutputStream:77 - [STDOUT_REDIRECT] 
2024-12-11 13:35:04,216 [INFO] ApplicationProperties:184 - Using Application install path: C:\ST\STM32CubeIDE_1.17.0\STM32CubeIDE\plugins\com.st.stm32cube.common.mx_6.13.0.202411220809
2024-12-11 13:35:04,230 [INFO] DbMcusXml:78 - Set database path to: C:\ST\STM32CubeIDE_1.17.0\STM32CubeIDE\plugins\com.st.stm32cube.common.mx_6.13.0.202411220809\\db\/mcu/
2024-12-11 13:35:04,231 [INFO] ApiDb:274 - Set plugin database path to: C:\ST\STM32CubeIDE_1.17.0\STM32CubeIDE\plugins\com.st.stm32cube.common.mx_6.13.0.202411220809\\db\/plugins/boardmanager/
2024-12-11 13:35:04,231 [WARN] ApiDb:259 - Overriding images path with different value:  => C:\ST\STM32CubeIDE_1.17.0\STM32CubeIDE\plugins\com.st.stm32cube.common.mx_6.13.0.202411220809\\db\/plugins/mcufinder/images/
2024-12-11 13:35:04,242 [INFO] ApiDb:250 - Set database path to: C:\Users\harel\.stmcufinder\plugins\mcufinder//mcu/
2024-12-11 13:35:04,243 [INFO] DbMcusAds:125 - Set database path to: C:\Users\harel\.stmcufinder\plugins\mcufinder//mcu/
2024-12-11 13:35:04,246 [INFO] CrossReferenceDbSqlite:203 - Set database path to: C:\Users\harel\.stmcufinder\plugins\mcufinder//mcu/cs/
2024-12-11 13:35:04,346 [INFO] RulesReader:64 - Compatibility file has been processed (297 Rules)
2024-12-11 13:35:04,413 [INFO] DbMcusXml:78 - Set database path to: C:\ST\STM32CubeIDE_1.17.0\STM32CubeIDE\plugins\com.st.stm32cube.common.mx_6.13.0.202411220809\\db\/mcu/
2024-12-11 13:35:04,413 [INFO] ApiDb:274 - Set plugin database path to: C:\ST\STM32CubeIDE_1.17.0\STM32CubeIDE\plugins\com.st.stm32cube.common.mx_6.13.0.202411220809\\db\/plugins/boardmanager/
2024-12-11 13:35:04,413 [INFO] ApiDb:261 - Set plugin images path to: C:\ST\STM32CubeIDE_1.17.0\STM32CubeIDE\plugins\com.st.stm32cube.common.mx_6.13.0.202411220809\\db\/plugins/mcufinder/images/
2024-12-11 13:35:04,413 [WARN] DbFile:41 - Overriding database path with different value: C:\Users\harel\.stmcufinder\plugins\mcufinder/ => C:\Users\harel\.stmcufinder\plugins\mcufinder
2024-12-11 13:35:04,413 [INFO] ApiDb:250 - Set database path to: C:\Users\harel\.stmcufinder\plugins\mcufinder//mcu/
2024-12-11 13:35:04,413 [WARN] DbFile:41 - Overriding database path with different value: C:\Users\harel\.stmcufinder\plugins\mcufinder/ => C:\Users\harel\.stmcufinder\plugins\mcufinder
2024-12-11 13:35:04,413 [INFO] DbMcusAds:125 - Set database path to: C:\Users\harel\.stmcufinder\plugins\mcufinder//mcu/
2024-12-11 13:35:04,413 [WARN] DbFile:41 - Overriding database path with different value: C:\Users\harel\.stmcufinder\plugins\mcufinder/ => C:\Users\harel\.stmcufinder\plugins\mcufinder
2024-12-11 13:35:04,413 [WARN] DbFile:41 - Overriding database path with different value: C:\Users\harel\.stmcufinder\plugins\mcufinder/ => C:\Users\harel\.stmcufinder\plugins\mcufinder
2024-12-11 13:35:04,413 [INFO] CrossReferenceDbSqlite:203 - Set database path to: C:\Users\harel\.stmcufinder\plugins\mcufinder//mcu/cs/
2024-12-11 13:35:04,477 [INFO] MainPanel:272 - HeapMemory: 268435456
2024-12-11 13:35:04,561 [INFO] DbMcusXml:78 - Set database path to: C:\ST\STM32CubeIDE_1.17.0\STM32CubeIDE\plugins\com.st.stm32cube.common.mx_6.13.0.202411220809\\db\/mcu/
2024-12-11 13:35:04,561 [INFO] ApiDb:274 - Set plugin database path to: C:\ST\STM32CubeIDE_1.17.0\STM32CubeIDE\plugins\com.st.stm32cube.common.mx_6.13.0.202411220809\\db\/plugins/boardmanager/
2024-12-11 13:35:04,561 [INFO] ApiDb:261 - Set plugin images path to: C:\ST\STM32CubeIDE_1.17.0\STM32CubeIDE\plugins\com.st.stm32cube.common.mx_6.13.0.202411220809\\db\/plugins/mcufinder/images/
2024-12-11 13:35:04,561 [WARN] DbFile:41 - Overriding database path with different value: C:\Users\harel\.stmcufinder\plugins\mcufinder/ => C:\Users\harel\.stmcufinder\plugins\mcufinder
2024-12-11 13:35:04,561 [INFO] ApiDb:250 - Set database path to: C:\Users\harel\.stmcufinder\plugins\mcufinder//mcu/
2024-12-11 13:35:04,561 [WARN] DbFile:41 - Overriding database path with different value: C:\Users\harel\.stmcufinder\plugins\mcufinder/ => C:\Users\harel\.stmcufinder\plugins\mcufinder
2024-12-11 13:35:04,561 [INFO] DbMcusAds:125 - Set database path to: C:\Users\harel\.stmcufinder\plugins\mcufinder//mcu/
2024-12-11 13:35:04,561 [WARN] DbFile:41 - Overriding database path with different value: C:\Users\harel\.stmcufinder\plugins\mcufinder/ => C:\Users\harel\.stmcufinder\plugins\mcufinder
2024-12-11 13:35:04,561 [WARN] DbFile:41 - Overriding database path with different value: C:\Users\harel\.stmcufinder\plugins\mcufinder/ => C:\Users\harel\.stmcufinder\plugins\mcufinder
2024-12-11 13:35:04,561 [INFO] CrossReferenceDbSqlite:203 - Set database path to: C:\Users\harel\.stmcufinder\plugins\mcufinder//mcu/cs/
2024-12-11 13:35:04,579 [INFO] ApplicationProperties:184 - Using Application install path: C:\ST\STM32CubeIDE_1.17.0\STM32CubeIDE\plugins\com.st.stm32cube.common.mx_6.13.0.202411220809
2024-12-11 13:35:04,582 [INFO] PluginManage:196 - Search for loadable plugins [exclusion list=, ]
2024-12-11 13:35:04,583 [INFO] PluginManage:310 - Check plugin analytics
2024-12-11 13:35:04,755 [INFO] AnalyticsPlugin:253 - Accepted Software Licenses: 
2024-12-11 13:35:04,755 [INFO] AnalyticsPlugin:255 - Accepted CMSIS Pack Licenses: 
2024-12-11 13:35:04,755 [INFO] AnalyticsPlugin:257 - Accepted Firmware Licenses: FW.H7.1.12.0,FW.F4.1.28.0
2024-12-11 13:35:04,759 [INFO] PluginManage:359 - Loaded plugin analytics (category:tool,tabindex:-1)
2024-12-11 13:35:04,759 [INFO] PluginManage:310 - Check plugin cadmodel
2024-12-11 13:35:04,774 [INFO] CADModel:105 - Init CAD model plugin
2024-12-11 13:35:04,774 [INFO] PluginManage:359 - Loaded plugin cadmodel (category:power,tabindex:5)
2024-12-11 13:35:04,774 [INFO] PluginManage:310 - Check plugin clock
2024-12-11 13:35:04,791 [INFO] PluginManage:359 - Loaded plugin clock (category:base,tabindex:2)
2024-12-11 13:35:04,792 [INFO] PluginManage:310 - Check plugin ddr
2024-12-11 13:35:04,794 [INFO] PluginManage:359 - Loaded plugin ddr (category:tool,tabindex:6)
2024-12-11 13:35:04,794 [INFO] PluginManage:310 - Check plugin filemanager
2024-12-11 13:35:04,934 [INFO] PluginManage:359 - Loaded plugin filemanager (category:base,tabindex:10)
2024-12-11 13:35:04,934 [INFO] PluginManage:310 - Check plugin ipmanager
2024-12-11 13:35:04,940 [INFO] PluginManage:359 - Loaded plugin ipmanager (category:base,tabindex:5)
2024-12-11 13:35:04,940 [INFO] PluginManage:310 - Check plugin lpbam
2024-12-11 13:35:04,955 [INFO] PluginManage:359 - Loaded plugin lpbam (category:base,tabindex:0)
2024-12-11 13:35:04,955 [INFO] PluginManage:310 - Check plugin memorymap
2024-12-11 13:35:04,972 [INFO] PluginManage:359 - Loaded plugin memorymap (category:base,tabindex:4)
2024-12-11 13:35:04,973 [INFO] PluginManage:310 - Check plugin pinoutandconfiguration
2024-12-11 13:35:04,989 [INFO] PluginManage:359 - Loaded plugin pinoutandconfiguration (category:base,tabindex:1)
2024-12-11 13:35:04,989 [INFO] PluginManage:310 - Check plugin pinoutconfig
2024-12-11 13:35:05,084 [WARN] SupportedApi:132 - Cannot load RTOS API schema: s4s-elt-must-match.1: The content of 'definitions' must match (annotation?, (simpleType | complexType)?, (unique | key | keyref)*)). A problem was found starting at: attribute.
2024-12-11 13:35:05,223 [INFO] PluginManage:359 - Loaded plugin pinoutconfig (category:base,tabindex:0)
2024-12-11 13:35:05,223 [INFO] PluginManage:310 - Check plugin power
2024-12-11 13:35:05,246 [INFO] PluginManage:359 - Loaded plugin power (category:power,tabindex:4)
2024-12-11 13:35:05,247 [INFO] PluginManage:310 - Check plugin projectmanager
2024-12-11 13:35:05,260 [INFO] PluginManage:359 - Loaded plugin projectmanager (category:projectmanager,tabindex:4)
2024-12-11 13:35:05,261 [INFO] PluginManage:310 - Check plugin rif
2024-12-11 13:35:05,275 [INFO] PluginManage:359 - Loaded plugin rif (category:base,tabindex:3)
2024-12-11 13:35:05,276 [INFO] PluginManage:310 - Check plugin thirdparty
2024-12-11 13:35:05,557 [WARN] IntegrityCheckThread:84 - waiting for thirdparty lock release [integrity check]
2024-12-11 13:35:05,557 [INFO] IntegrityCheckThread:86 - entering critical section [integrity check]
2024-12-11 13:35:05,557 [INFO] PluginManage:359 - Loaded plugin thirdparty (category:base,tabindex:-1)
2024-12-11 13:35:05,558 [INFO] PluginManage:310 - Check plugin tools
2024-12-11 13:35:05,558 [INFO] ThirdPartyUpdaterWithRetryManager:70 - Updater plugin not ready yet. [1/15]
2024-12-11 13:35:05,587 [INFO] PluginManage:359 - Loaded plugin tools (category:base,tabindex:7)
2024-12-11 13:35:05,587 [INFO] PluginManage:310 - Check plugin tutovideos
2024-12-11 13:35:05,752 [INFO] PluginManage:359 - Loaded plugin tutovideos (category:base,tabindex:-1)
2024-12-11 13:35:05,753 [INFO] PluginManage:310 - Check plugin updater
2024-12-11 13:35:05,779 [INFO] PluginManage:359 - Loaded plugin updater (category:base,tabindex:12)
2024-12-11 13:35:05,779 [INFO] PluginManage:310 - Check plugin userauth
2024-12-11 13:35:05,783 [INFO] UserAuth:118 - Init User Auth plugin
2024-12-11 13:35:05,783 [INFO] PluginManage:359 - Loaded plugin userauth (category:base,tabindex:14)
2024-12-11 13:35:05,784 [INFO] PluginManage:283 - PluginManage : Loaded plugins [18]
2024-12-11 13:35:06,021 [INFO] PinOutPanel:1589 - setPackage(No Configuration,No Configuration)
2024-12-11 13:35:06,125 [INFO] CADModel:165 - CPN selected for project level
2024-12-11 13:35:06,125 [INFO] CADModel:114 - Register for checkConnection events
2024-12-11 13:35:06,156 [INFO] IPUIPlugin:80 - create IPUIPlugin
2024-12-11 13:35:06,156 [INFO] PluginManager:220 - loadIPPluginJar : add adc
2024-12-11 13:35:06,187 [INFO] IPUIPlugin:80 - create IPUIPlugin
2024-12-11 13:35:06,187 [INFO] PluginManager:220 - loadIPPluginJar : add aes
2024-12-11 13:35:06,217 [INFO] IPUIPlugin:80 - create IPUIPlugin
2024-12-11 13:35:06,218 [INFO] PluginManager:220 - loadIPPluginJar : add can
2024-12-11 13:35:06,240 [INFO] IPUIPlugin:80 - create IPUIPlugin
2024-12-11 13:35:06,240 [INFO] PluginManager:220 - loadIPPluginJar : add comp
2024-12-11 13:35:06,262 [INFO] IPUIPlugin:80 - create IPUIPlugin
2024-12-11 13:35:06,262 [INFO] PluginManager:220 - loadIPPluginJar : add cryp
2024-12-11 13:35:06,272 [INFO] IPUIPlugin:80 - create IPUIPlugin
2024-12-11 13:35:06,273 [INFO] PluginManager:220 - loadIPPluginJar : add ddr_ctrl_phy
2024-12-11 13:35:06,294 [INFO] IPUIPlugin:80 - create IPUIPlugin
2024-12-11 13:35:06,294 [INFO] PluginManager:220 - loadIPPluginJar : add dfsdm
2024-12-11 13:35:06,304 [INFO] IPUIPlugin:80 - create IPUIPlugin
2024-12-11 13:35:06,305 [INFO] PluginManager:220 - loadIPPluginJar : add dma
2024-12-11 13:35:06,330 [INFO] IPUIPlugin:80 - create IPUIPlugin
2024-12-11 13:35:06,330 [INFO] PluginManager:220 - loadIPPluginJar : add dma3
2024-12-11 13:35:06,363 [INFO] IPUIPlugin:80 - create IPUIPlugin
2024-12-11 13:35:06,363 [INFO] PluginManager:220 - loadIPPluginJar : add extmemmanager
2024-12-11 13:35:06,383 [INFO] IPUIPlugin:80 - create IPUIPlugin
2024-12-11 13:35:06,383 [INFO] PluginManager:220 - loadIPPluginJar : add fatfs
2024-12-11 13:35:06,419 [INFO] IPUIPlugin:80 - create IPUIPlugin
2024-12-11 13:35:06,419 [INFO] PluginManager:220 - loadIPPluginJar : add fmc
2024-12-11 13:35:06,433 [INFO] IPUIPlugin:80 - create IPUIPlugin
2024-12-11 13:35:06,433 [INFO] PluginManager:220 - loadIPPluginJar : add freertos
2024-12-11 13:35:06,450 [INFO] IPUIPlugin:80 - create IPUIPlugin
2024-12-11 13:35:06,450 [INFO] PluginManager:220 - loadIPPluginJar : add genericplugin
2024-12-11 13:35:06,516 [INFO] IPUIPlugin:80 - create IPUIPlugin
2024-12-11 13:35:06,516 [INFO] PluginManager:220 - loadIPPluginJar : add gfxmmu
2024-12-11 13:35:06,602 [INFO] IPUIPlugin:80 - create IPUIPlugin
2024-12-11 13:35:06,602 [INFO] PluginManager:220 - loadIPPluginJar : add gic
2024-12-11 13:35:06,614 [INFO] IPUIPlugin:80 - create IPUIPlugin
2024-12-11 13:35:06,614 [INFO] PluginManager:220 - loadIPPluginJar : add gpio
2024-12-11 13:35:06,673 [INFO] IPUIPlugin:80 - create IPUIPlugin
2024-12-11 13:35:06,673 [INFO] PluginManager:220 - loadIPPluginJar : add gtzc
2024-12-11 13:35:06,698 [INFO] IPUIPlugin:80 - create IPUIPlugin
2024-12-11 13:35:06,698 [INFO] PluginManager:220 - loadIPPluginJar : add hash
2024-12-11 13:35:06,733 [INFO] IPUIPlugin:80 - create IPUIPlugin
2024-12-11 13:35:06,733 [INFO] PluginManager:220 - loadIPPluginJar : add i2c
2024-12-11 13:35:06,758 [INFO] IPUIPlugin:80 - create IPUIPlugin
2024-12-11 13:35:06,758 [INFO] PluginManager:220 - loadIPPluginJar : add i2s
2024-12-11 13:35:06,788 [INFO] IPUIPlugin:80 - create IPUIPlugin
2024-12-11 13:35:06,789 [INFO] PluginManager:220 - loadIPPluginJar : add i3c
2024-12-11 13:35:06,855 [INFO] IPUIPlugin:80 - create IPUIPlugin
2024-12-11 13:35:06,856 [INFO] PluginManager:220 - loadIPPluginJar : add ipddr
2024-12-11 13:35:06,917 [INFO] IPUIPlugin:80 - create IPUIPlugin
2024-12-11 13:35:06,917 [INFO] PluginManager:220 - loadIPPluginJar : add linkedlist
2024-12-11 13:35:06,944 [INFO] IPUIPlugin:80 - create IPUIPlugin
2024-12-11 13:35:06,945 [INFO] PluginManager:220 - loadIPPluginJar : add lorawan
2024-12-11 13:35:06,970 [INFO] IPUIPlugin:80 - create IPUIPlugin
2024-12-11 13:35:06,970 [INFO] PluginManager:220 - loadIPPluginJar : add ltdc
2024-12-11 13:35:06,981 [INFO] IPUIPlugin:80 - create IPUIPlugin
2024-12-11 13:35:06,981 [INFO] PluginManager:220 - loadIPPluginJar : add mdma
2024-12-11 13:35:06,991 [INFO] IPUIPlugin:80 - create IPUIPlugin
2024-12-11 13:35:06,991 [INFO] PluginManager:220 - loadIPPluginJar : add nvic
2024-12-11 13:35:07,018 [INFO] IPUIPlugin:80 - create IPUIPlugin
2024-12-11 13:35:07,018 [INFO] PluginManager:220 - loadIPPluginJar : add opamp
2024-12-11 13:35:07,063 [INFO] IPUIPlugin:80 - create IPUIPlugin
2024-12-11 13:35:07,063 [INFO] PluginManager:220 - loadIPPluginJar : add openamp
2024-12-11 13:35:07,094 [INFO] IPUIPlugin:80 - create IPUIPlugin
2024-12-11 13:35:07,094 [INFO] PluginManager:220 - loadIPPluginJar : add pdm2pcm
2024-12-11 13:35:07,106 [INFO] IPUIPlugin:80 - create IPUIPlugin
2024-12-11 13:35:07,107 [INFO] PluginManager:220 - loadIPPluginJar : add plateformsettings
2024-12-11 13:35:07,125 [INFO] IPUIPlugin:80 - create IPUIPlugin
2024-12-11 13:35:07,125 [INFO] PluginManager:220 - loadIPPluginJar : add quadspi
2024-12-11 13:35:07,144 [INFO] IPUIPlugin:80 - create IPUIPlugin
2024-12-11 13:35:07,144 [INFO] PluginManager:220 - loadIPPluginJar : add radio
2024-12-11 13:35:07,154 [INFO] IPUIPlugin:80 - create IPUIPlugin
2024-12-11 13:35:07,154 [INFO] PluginManager:220 - loadIPPluginJar : add resmgrutility
2024-12-11 13:35:07,188 [INFO] IPUIPlugin:80 - create IPUIPlugin
2024-12-11 13:35:07,188 [INFO] PluginManager:220 - loadIPPluginJar : add sai
2024-12-11 13:35:07,214 [INFO] IPUIPlugin:80 - create IPUIPlugin
2024-12-11 13:35:07,215 [INFO] PluginManager:220 - loadIPPluginJar : add spi
2024-12-11 13:35:07,260 [INFO] IPUIPlugin:80 - create IPUIPlugin
2024-12-11 13:35:07,260 [INFO] PluginManager:220 - loadIPPluginJar : add stm32_wpan
2024-12-11 13:35:07,285 [INFO] IPUIPlugin:80 - create IPUIPlugin
2024-12-11 13:35:07,285 [INFO] PluginManager:220 - loadIPPluginJar : add tim
2024-12-11 13:35:07,331 [INFO] IPUIPlugin:80 - create IPUIPlugin
2024-12-11 13:35:07,332 [INFO] PluginManager:220 - loadIPPluginJar : add touchsensing
2024-12-11 13:35:07,350 [INFO] IPUIPlugin:80 - create IPUIPlugin
2024-12-11 13:35:07,350 [INFO] PluginManager:220 - loadIPPluginJar : add tracer_emb
2024-12-11 13:35:07,369 [INFO] IPUIPlugin:80 - create IPUIPlugin
2024-12-11 13:35:07,369 [INFO] PluginManager:220 - loadIPPluginJar : add ts
2024-12-11 13:35:07,386 [INFO] IPUIPlugin:80 - create IPUIPlugin
2024-12-11 13:35:07,387 [INFO] PluginManager:220 - loadIPPluginJar : add tsc
2024-12-11 13:35:07,403 [INFO] IPUIPlugin:80 - create IPUIPlugin
2024-12-11 13:35:07,403 [INFO] PluginManager:220 - loadIPPluginJar : add ucpd
2024-12-11 13:35:07,435 [INFO] IPUIPlugin:80 - create IPUIPlugin
2024-12-11 13:35:07,435 [INFO] PluginManager:220 - loadIPPluginJar : add usart
2024-12-11 13:35:07,466 [INFO] IPUIPlugin:80 - create IPUIPlugin
2024-12-11 13:35:07,466 [INFO] PluginManager:220 - loadIPPluginJar : add usbx
2024-12-11 13:35:07,582 [FATAL] Updater:351 - Updater called before beeing initialized
2024-12-11 13:35:07,601 [INFO] RulesReader:64 - Compatibility file has been processed (297 Rules)
2024-12-11 13:35:07,610 [INFO] RulesReader:64 - Compatibility file has been processed (297 Rules)
2024-12-11 13:35:07,619 [INFO] CADModel:165 - CPN selected for project level
2024-12-11 13:35:07,620 [INFO] CADModel:114 - Register for checkConnection events
2024-12-11 13:35:07,620 [FATAL] Updater:351 - Updater called before beeing initialized
2024-12-11 13:35:07,620 [ERROR] CADModel:125 - Updater not yet initialized, retry later 
2024-12-11 13:35:07,741 [FATAL] Updater:351 - Updater called before beeing initialized
2024-12-11 13:35:07,743 [INFO] CADModel:165 - CPN selected for project level
2024-12-11 13:35:07,743 [INFO] CADModel:114 - Register for checkConnection events
2024-12-11 13:35:07,743 [FATAL] Updater:351 - Updater called before beeing initialized
2024-12-11 13:35:07,743 [ERROR] CADModel:125 - Updater not yet initialized, retry later 
2024-12-11 13:35:07,745 [FATAL] Updater:351 - Updater called before beeing initialized
2024-12-11 13:35:07,823 [FATAL] Updater:351 - Updater called before beeing initialized
2024-12-11 13:35:07,835 [INFO] DbMcusAds:53 - JSON generation date=Fri Sep 20 16:04:23 IDT 2024 (1726837463113)
2024-12-11 13:35:07,835 [FATAL] Updater:351 - Updater called before beeing initialized
2024-12-11 13:35:07,871 [WARN] DetailPanel:346 - Failed to get advertising image, set to default
2024-12-11 13:35:08,019 [FATAL] Updater:351 - Updater called before beeing initialized
2024-12-11 13:35:08,021 [FATAL] Updater:351 - Updater called before beeing initialized
2024-12-11 13:35:08,021 [FATAL] Updater:351 - Updater called before beeing initialized
2024-12-11 13:35:08,021 [WARN] DetailPanel:346 - Failed to get advertising image, set to default
2024-12-11 13:35:08,022 [FATAL] Updater:351 - Updater called before beeing initialized
2024-12-11 13:35:08,085 [ERROR] Updater:1198 - MainUpdater not yet initialized. External WinMGr cannot be set.
2024-12-11 13:35:08,093 [INFO] Updater:1134 - Updater Version found : 6.13.0
2024-12-11 13:35:08,109 [INFO] ApplicationProperties:184 - Using Application install path: C:\ST\STM32CubeIDE_1.17.0\STM32CubeIDE\plugins\com.st.stm32cube.common.mx_6.13.0.202411220809
2024-12-11 13:35:08,559 [INFO] ThirdPartyUpdaterWithRetryManager:70 - Updater plugin not ready yet. [2/15]
2024-12-11 13:35:09,718 [ERROR] LogOutputStream:75 - [STDERR_REDIRECT] Dec 11, 2024 1:35:09 PM java.util.prefs.WindowsPreferences <init>
2024-12-11 13:35:09,719 [ERROR] LogOutputStream:75 - [STDERR_REDIRECT] WARNING: Could not open/create prefs root node Software\JavaSoft\Prefs at root 0xffffffff80000002. Windows RegCreateKeyEx(...) returned error code 5.
2024-12-11 13:35:09,719 [ERROR] LogOutputStream:75 - [STDERR_REDIRECT] 
2024-12-11 13:35:10,406 [INFO] MainUpdater:2872 - connection check result : 10
2024-12-11 13:35:10,406 [INFO] MainUpdater:289 - Updater Check For Update Now.
2024-12-11 13:35:10,407 [INFO] MicroXplorer:498 - Change Database Version : DB.6.0.130
2024-12-11 13:35:10,435 [INFO] McuFinderGlobals:63 - Set McuFinder mode to 2 (CubeIDE integrated)
2024-12-11 13:35:10,442 [INFO] UserAuth:486 - Internet connection configuration mode: 1
2024-12-11 13:35:10,485 [INFO] JxBrowserEngine:152 - Initiate JxBrowser Engine with user profile folder
2024-12-11 13:35:10,610 [INFO] CheckServerUpdateThread:120 - End of CheckServer Thread
2024-12-11 13:35:11,642 [INFO] WebApp:168 - Instantiating new browser for Auth
2024-12-11 13:35:11,876 [WARN] PackLoader:240 - Cannot read IP mode file for STMicroelectronics.FP-SNS-MOTENVWB1.1.4.0
2024-12-11 13:35:11,894 [WARN] PackLoader:240 - Cannot read IP mode file for STMicroelectronics.FP-ATR-ASTRA1.2.0.1
2024-12-11 13:35:11,916 [WARN] PackLoader:240 - Cannot read IP mode file for STMicroelectronics.X-CUBE-SMBUS.2.1.0
2024-12-11 13:35:11,933 [WARN] PackLoader:240 - Cannot read IP mode file for STMicroelectronics.X-CUBE-WB05N.1.1.0
2024-12-11 13:35:11,963 [WARN] PackLoader:240 - Cannot read IP mode file for STMicroelectronics.X-CUBE-AZRTOS-F7.1.1.0
2024-12-11 13:35:12,022 [WARN] PackLoader:240 - Cannot read IP mode file for STMicroelectronics.X-CUBE-MEMS1.11.0.0
2024-12-11 13:35:12,190 [WARN] PackLoader:240 - Cannot read IP mode file for STMicroelectronics.FP-SNS-FLIGHT1.5.0.2
2024-12-11 13:35:12,289 [WARN] PackLoader:240 - Cannot read IP mode file for Infineon.AIROC-Wi-Fi-Bluetooth-STM32.1.7.0
2024-12-11 13:35:12,318 [WARN] PackLoader:240 - Cannot read IP mode file for STMicroelectronics.X-CUBE-DISPLAY.3.0.0
2024-12-11 13:35:12,332 [WARN] PackLoader:240 - Cannot read IP mode file for STMicroelectronics.X-CUBE-BLE1.7.0.0
2024-12-11 13:35:12,346 [WARN] PackLoader:240 - Cannot read IP mode file for STMicroelectronics.X-CUBE-NFC10.1.0.0
2024-12-11 13:35:12,360 [WARN] PackLoader:240 - Cannot read IP mode file for STMicroelectronics.X-CUBE-BLEMGR.4.0.0
2024-12-11 13:35:12,374 [WARN] PackLoader:240 - Cannot read IP mode file for emotas.I-CUBE-CANOPEN.1.3.0
2024-12-11 13:35:12,386 [WARN] PackLoader:240 - Cannot read IP mode file for STMicroelectronics.X-CUBE-BLEMGR.3.1.0
2024-12-11 13:35:12,398 [WARN] PackLoader:240 - Cannot read IP mode file for STMicroelectronics.FP-SNS-SMARTAG2.1.2.0
2024-12-11 13:35:12,413 [INFO] LogOutputStream:77 - [STDOUT_REDIRECT] 1 : Invalid condition id : UX_CORESTACK_Condition cause : null
2024-12-11 13:35:12,415 [INFO] LogOutputStream:77 - [STDOUT_REDIRECT] 1 : Invalid condition id : UX_CORESTACK_Condition cause : null
2024-12-11 13:35:12,416 [INFO] LogOutputStream:77 - [STDOUT_REDIRECT] 1 : Invalid condition id : UX_CORESTACK_Condition cause : null
2024-12-11 13:35:12,417 [INFO] LogOutputStream:77 - [STDOUT_REDIRECT] 1 : Invalid condition id : UX_CORESTACK_Condition cause : null
2024-12-11 13:35:12,418 [INFO] LogOutputStream:77 - [STDOUT_REDIRECT] 1 : Invalid condition id : UX_CORESTACK_Condition cause : null
2024-12-11 13:35:12,420 [WARN] PackLoader:240 - Cannot read IP mode file for STMicroelectronics.X-CUBE-AZRTOS-WL.2.0.0
2024-12-11 13:35:12,431 [WARN] PackLoader:240 - Cannot read IP mode file for STMicroelectronics.FP-SNS-MOTENV1.5.0.0
2024-12-11 13:35:12,442 [WARN] PackLoader:240 - Cannot read IP mode file for wolfSSL.I-CUBE-wolfMQTT.1.19.0
2024-12-11 13:35:12,456 [WARN] PackLoader:240 - Cannot read IP mode file for WES.I-CUBE-Cesium.1.3.0
2024-12-11 13:35:12,467 [WARN] PackLoader:240 - Cannot read IP mode file for STMicroelectronics.X-CUBE-BLE2.3.3.0
2024-12-11 13:35:12,478 [WARN] PackLoader:240 - Cannot read IP mode file for STMicroelectronics.X-CUBE-NFC9.1.0.0
2024-12-11 13:35:12,489 [WARN] PackLoader:240 - Cannot read IP mode file for STMicroelectronics.X-CUBE-TCPP.4.1.0
2024-12-11 13:35:12,508 [WARN] PackLoader:240 - Cannot read IP mode file for STMicroelectronics.X-CUBE-AZRTOS-G0.1.1.0
2024-12-11 13:35:12,522 [WARN] PackLoader:240 - Cannot read IP mode file for STMicroelectronics.X-CUBE-SAFEA1.1.2.2
2024-12-11 13:35:12,533 [WARN] PackLoader:240 - Cannot read IP mode file for STMicroelectronics.X-CUBE-NFC4.3.0.0
2024-12-11 13:35:12,551 [WARN] PackLoader:240 - Cannot read IP mode file for EmbeddedOffice.I-CUBE-FS-RTOS.1.0.1
2024-12-11 13:35:12,562 [WARN] PackLoader:240 - Cannot read IP mode file for RealThread.X-CUBE-RT-Thread_Nano.4.1.1
2024-12-11 13:35:12,573 [WARN] PackLoader:240 - Cannot read IP mode file for STMicroelectronics.FP-ATR-SIGFOX1.3.2.0
2024-12-11 13:35:12,583 [WARN] ConditionMgr:438 - getConditionDescription Invalid condition id : Cortex-A Device cause : null
2024-12-11 13:35:12,603 [WARN] ConditionMgr:1044 - genDependencies : Invalid condition id : Cortex-A Device cause : null
2024-12-11 13:35:12,603 [WARN] ConditionMgr:1044 - genDependencies : Invalid condition id : Cortex-A Device cause : null
2024-12-11 13:35:12,603 [WARN] ConditionMgr:1044 - genDependencies : Invalid condition id : Cortex-A Device cause : null
2024-12-11 13:35:12,615 [WARN] PackLoader:240 - Cannot read IP mode file for STMicroelectronics.X-CUBE-EEPRMA1.5.1.0
2024-12-11 13:35:12,625 [WARN] PackLoader:240 - Cannot read IP mode file for wolfSSL.I-CUBE-wolfSSL.5.7.4
2024-12-11 13:35:12,638 [WARN] PackLoader:240 - Cannot read IP mode file for ITTIA_DB.I-CUBE-ITTIADB.8.9.0
2024-12-11 13:35:12,666 [WARN] PackLoader:240 - Cannot read IP mode file for SEGGER.I-CUBE-embOS.1.3.1
2024-12-11 13:35:12,706 [WARN] PackLoader:240 - Cannot read IP mode file for STMicroelectronics.X-CUBE-ALGOBUILD.1.4.0
2024-12-11 13:35:12,718 [WARN] PackLoader:240 - Cannot read IP mode file for STMicroelectronics.X-CUBE-AI.9.1.0
2024-12-11 13:35:12,741 [WARN] PackLoader:240 - Cannot read IP mode file for STMicroelectronics.X-CUBE-AZRTOS-F4.1.1.0
2024-12-11 13:35:12,755 [WARN] PackLoader:240 - Cannot read IP mode file for STMicroelectronics.X-CUBE-ISPU.2.1.0
2024-12-11 13:35:12,767 [WARN] PackLoader:240 - Cannot read IP mode file for STMicroelectronics.X-CUBE-FREERTOS.1.2.0
2024-12-11 13:35:12,790 [WARN] PackLoader:240 - Cannot read IP mode file for STMicroelectronics.X-CUBE-AZRTOS-L5.2.0.0
2024-12-11 13:35:12,806 [WARN] PackLoader:240 - Cannot read IP mode file for STMicroelectronics.X-CUBE-NFC6.3.1.0
2024-12-11 13:35:12,820 [WARN] PackLoader:240 - Cannot read IP mode file for STMicroelectronics.X-CUBE-DPower.1.2.0
2024-12-11 13:35:12,833 [WARN] PackLoader:240 - Cannot read IP mode file for STMicroelectronics.X-CUBE-NFC7.1.0.1
2024-12-11 13:35:12,871 [WARN] ConditionMgr:438 - getConditionDescription Invalid condition id : LAN8742 Phy interface Condition cause : null
2024-12-11 13:35:12,871 [WARN] PackLoader:240 - Cannot read IP mode file for STMicroelectronics.X-CUBE-AZRTOS-L4.2.0.0
2024-12-11 13:35:12,872 [WARN] ConditionMgr:1044 - genDependencies : Invalid condition id : LAN8742 Phy interface Condition cause : null
2024-12-11 13:35:12,873 [WARN] ConditionMgr:1044 - genDependencies : Invalid condition id : LAN8742 Phy interface Condition cause : null
2024-12-11 13:35:12,873 [WARN] ConditionMgr:1044 - genDependencies : Invalid condition id : LAN8742 Phy interface Condition cause : null
2024-12-11 13:35:12,890 [WARN] PackLoader:240 - Cannot read IP mode file for STMicroelectronics.X-CUBE-SFXS2LP1.4.0.0
2024-12-11 13:35:12,931 [WARN] PackLoader:240 - Cannot read IP mode file for STMicroelectronics.X-CUBE-AZRTOS-H7.3.3.0
2024-12-11 13:35:12,955 [WARN] PackLoader:240 - Cannot read IP mode file for STMicroelectronics.X-CUBE-IPS.3.0.0
2024-12-11 13:35:12,983 [WARN] ConditionMgr:438 - getConditionDescription Invalid condition id : UX DEVICE CLASS RTOS Condition cause : null
2024-12-11 13:35:12,983 [WARN] ConditionMgr:438 - getConditionDescription Invalid condition id : UX DEVICE CLASS RTOS Condition cause : null
2024-12-11 13:35:12,984 [WARN] PackLoader:240 - Cannot read IP mode file for STMicroelectronics.X-CUBE-AZRTOS-WB.2.0.0
2024-12-11 13:35:12,985 [WARN] ConditionMgr:1044 - genDependencies : Invalid condition id : UX DEVICE CLASS RTOS Condition cause : null
2024-12-11 13:35:12,985 [WARN] ConditionMgr:1044 - genDependencies : Invalid condition id : UX DEVICE CLASS RTOS Condition cause : null
2024-12-11 13:35:12,985 [WARN] ConditionMgr:1044 - genDependencies : Invalid condition id : UX DEVICE CLASS RTOS Condition cause : null
2024-12-11 13:35:12,985 [WARN] ConditionMgr:1044 - genDependencies : Invalid condition id : UX DEVICE CLASS RTOS Condition cause : null
2024-12-11 13:35:12,985 [WARN] ConditionMgr:1044 - genDependencies : Invalid condition id : UX DEVICE CLASS RTOS Condition cause : null
2024-12-11 13:35:13,003 [WARN] PackLoader:240 - Cannot read IP mode file for STMicroelectronics.X-CUBE-GNSS1.7.0.0
2024-12-11 13:35:13,021 [WARN] PackLoader:240 - Cannot read IP mode file for STMicroelectronics.FP-SNS-STBOX1.2.0.0
2024-12-11 13:35:13,047 [WARN] PackLoader:240 - Cannot read IP mode file for STMicroelectronics.X-CUBE-SUBG2.5.0.0
2024-12-11 13:35:13,065 [WARN] PackLoader:240 - Cannot read IP mode file for Cesanta.I-CUBE-Mongoose.7.13.0
2024-12-11 13:35:13,092 [WARN] PackLoader:240 - Cannot read IP mode file for STMicroelectronics.X-CUBE-AZRTOS-G4.2.0.0
2024-12-11 13:35:13,107 [WARN] PackLoader:240 - Cannot read IP mode file for STMicroelectronics.X-CUBE-ALS.1.0.2
2024-12-11 13:35:13,129 [WARN] PackLoader:240 - Cannot read IP mode file for STMicroelectronics.X-CUBE-TOUCHGFX.4.24.1
2024-12-11 13:35:13,145 [WARN] PackLoader:240 - Cannot read IP mode file for wolfSSL.I-CUBE-wolfTPM.3.4.0
2024-12-11 13:35:13,160 [WARN] PackLoader:240 - Cannot read IP mode file for portGmbH.I-Cube-SoM-uGOAL.1.1.0
2024-12-11 13:35:13,190 [WARN] PackLoader:240 - Cannot read IP mode file for STMicroelectronics.X-CUBE-AZRTOS-H7RS.1.0.0
2024-12-11 13:35:13,212 [WARN] PackLoader:240 - Cannot read IP mode file for STMicroelectronics.X-CUBE-TOF1.3.4.2
2024-12-11 13:35:13,233 [WARN] PackLoader:240 - Cannot read IP mode file for wolfSSL.I-CUBE-wolfSSH.1.4.17
2024-12-11 13:35:13,233 [INFO] ThirdParty:978 - Integrity check success = true
2024-12-11 13:35:13,233 [INFO] IntegrityCheckThread:100 - exiting critical section [integrity check]
2024-12-11 13:35:13,233 [INFO] IntegrityCheckThread:103 - End integrity checks thread
2024-12-11 13:35:13,816 [INFO] WebApp:449 - Apply proxy settings
2024-12-11 13:35:13,817 [INFO] WebApp:534 - Chromium requires no authentication
2024-12-11 13:35:13,838 [INFO] WebApp:477 - Direct internet connection detected
2024-12-11 13:35:13,905 [INFO] WebApp:880 - Register for checkConnection events
2024-12-11 13:35:13,905 [INFO] WebApp:449 - Apply proxy settings
2024-12-11 13:35:13,905 [INFO] WebApp:534 - Chromium requires no authentication
2024-12-11 13:35:13,906 [INFO] WebApp:477 - Direct internet connection detected
2024-12-11 13:35:14,213 [INFO] WebApp:221 - Starting web application
2024-12-11 13:35:14,213 [INFO] WebApp:579 - Web application path used C:\ST\STM32CubeIDE_1.17.0\STM32CubeIDE\plugins\com.st.stm32cube.common.mx_6.13.0.202411220809\db\plugins\mcufinder\reactClient1\index.html
2024-12-11 13:35:14,404 [INFO] UserAuth:486 - Internet connection configuration mode: 1
2024-12-11 13:35:14,579 [INFO] WebApp:187 - Connection restablished
2024-12-11 13:56:53,843 [INFO] WebApp:190 - Connection lost
2024-12-11 15:45:34,431 [ERROR] ConfigurationRetriever:142 - IOException on connection: sw-center.st.com
2024-12-11 15:45:34,433 [ERROR] ConfigurationRetriever:142 - IOException on connection: sw-center.st.com
2024-12-11 15:45:34,434 [ERROR] ConfigurationRetriever:142 - IOException on connection: sw-center.st.com
2024-12-11 15:45:36,520 [ERROR] LogOutputStream:75 - [STDERR_REDIRECT] 
