2024-12-06 00:07:32,077 [INFO] DmaTabbedPanel:205 - Cannot restore the selected Tab for DMA
2024-12-06 00:07:49,413 [INFO] NvicIntPanel:101 - NVIC parent = com.st.microxplorer.plugins.ip.nvic.MultiNvicIntPanel[,0,0,0x0,invalid,layout=javax.swing.BoxLayout,alignmentX=0.0,alignmentY=0.0,border=,flags=9,maximumSize=,minimumSize=,preferredSize=]
2024-12-06 00:29:43,899 [INFO] UtilMem:75 - End SaveConfig() Used Memory: 601468160 Bytes (678428672)
2024-12-06 00:29:44,222 [INFO] UtilMem:75 - End SaveConfig() Used Memory: 309861448 Bytes (678428672)
2024-12-06 00:29:44,526 [INFO] UtilMem:75 - End SaveConfig() Used Memory: 376251176 Bytes (678428672)
2024-12-06 00:29:45,106 [INFO] BlockDiagram:2766 - set Specific Code input for plugin: SDIO
2024-12-06 00:29:45,107 [INFO] BlockDiagram:2766 - set Specific Code input for plugin: SYS
2024-12-06 00:29:45,107 [INFO] BlockDiagram:2766 - set Specific Code input for plugin: RCC
2024-12-06 00:29:45,107 [INFO] BlockDiagram:2766 - set Specific Code input for plugin: NVIC
2024-12-06 00:29:45,107 [INFO] BlockDiagram:2766 - set Specific Code input for plugin: USART
2024-12-06 00:29:45,107 [INFO] BlockDiagram:2766 - set Specific Code input for plugin: DMA
2024-12-06 00:29:45,108 [INFO] BlockDiagram:2766 - set Specific Code input for plugin: GPIO
2024-12-06 00:29:45,108 [INFO] BlockDiagram:2766 - set Specific Code input for plugin: FATFS
2024-12-06 00:29:45,110 [INFO] CodeGenerator:896 - code generatio: config db path: C:\ST\STM32CubeIDE_1.17.0\STM32CubeIDE\plugins\com.st.stm32cube.common.mx_6.13.0.202411220809\\db\
2024-12-06 00:29:45,304 [INFO] CodeEngine:255 - oldGeneratedFile, C:\Projects\STM32_Projects\F4_SD\SD_Reader\MXTmpFiles\license.tmp_save
2024-12-06 00:29:45,582 [INFO] CodeEngine:279 - Generated code: C:\Projects\STM32_Projects\F4_SD\SD_Reader\MXTmpFiles\license.tmp
2024-12-06 00:29:45,620 [INFO] CodeEngine:255 - oldGeneratedFile, C:\Projects\STM32_Projects\F4_SD\SD_Reader\MXTmpFiles\gpio.tmp_save
2024-12-06 00:29:45,785 [INFO] CodeEngine:279 - Generated code: C:\Projects\STM32_Projects\F4_SD\SD_Reader\MXTmpFiles\gpio.tmp
2024-12-06 00:29:45,952 [INFO] CodeEngine:255 - oldGeneratedFile, C:\Projects\STM32_Projects\F4_SD\SD_Reader\MXTmpFiles\fatfs_HalInit.tmp_save
2024-12-06 00:29:46,106 [INFO] CodeEngine:279 - Generated code: C:\Projects\STM32_Projects\F4_SD\SD_Reader\MXTmpFiles\fatfs_HalInit.tmp
2024-12-06 00:29:46,109 [INFO] CodeEngine:255 - oldGeneratedFile, C:\Projects\STM32_Projects\F4_SD\SD_Reader\MXTmpFiles\fatfs_vars.tmp_save
2024-12-06 00:29:46,212 [INFO] CodeEngine:279 - Generated code: C:\Projects\STM32_Projects\F4_SD\SD_Reader\MXTmpFiles\fatfs_vars.tmp
2024-12-06 00:29:46,219 [INFO] CodeEngine:255 - oldGeneratedFile, C:\Projects\STM32_Projects\F4_SD\SD_Reader\MXTmpFiles\fatfs_ext_vars.tmp_save
2024-12-06 00:29:46,319 [INFO] CodeEngine:279 - Generated code: C:\Projects\STM32_Projects\F4_SD\SD_Reader\MXTmpFiles\fatfs_ext_vars.tmp
2024-12-06 00:29:46,324 [INFO] CodeEngine:255 - oldGeneratedFile, C:\Projects\STM32_Projects\F4_SD\SD_Reader\MXTmpFiles\fatfs_inc.tmp_save
2024-12-06 00:29:46,425 [INFO] CodeEngine:279 - Generated code: C:\Projects\STM32_Projects\F4_SD\SD_Reader\MXTmpFiles\fatfs_inc.tmp
2024-12-06 00:29:46,458 [INFO] CodeEngine:255 - oldGeneratedFile, C:\Projects\STM32_Projects\F4_SD\SD_Reader\MXTmpFiles\dma.tmp_save
2024-12-06 00:29:46,559 [INFO] CodeEngine:279 - Generated code: C:\Projects\STM32_Projects\F4_SD\SD_Reader\MXTmpFiles\dma.tmp
2024-12-06 00:29:46,572 [INFO] CodeEngine:255 - oldGeneratedFile, C:\Projects\STM32_Projects\F4_SD\SD_Reader\MXTmpFiles\dma_GV.tmp_save
2024-12-06 00:29:46,634 [INFO] CodeEngine:279 - Generated code: C:\Projects\STM32_Projects\F4_SD\SD_Reader\MXTmpFiles\dma_GV.tmp
2024-12-06 00:29:46,655 [INFO] CodeEngine:255 - oldGeneratedFile, C:\Projects\STM32_Projects\F4_SD\SD_Reader\MXTmpFiles\fatfs_HalInit.tmp_save
2024-12-06 00:29:46,752 [INFO] CodeEngine:279 - Generated code: C:\Projects\STM32_Projects\F4_SD\SD_Reader\MXTmpFiles\fatfs_HalInit.tmp
2024-12-06 00:29:46,757 [INFO] CodeEngine:255 - oldGeneratedFile, C:\Projects\STM32_Projects\F4_SD\SD_Reader\MXTmpFiles\fatfs_vars.tmp_save
2024-12-06 00:29:46,809 [INFO] CodeEngine:279 - Generated code: C:\Projects\STM32_Projects\F4_SD\SD_Reader\MXTmpFiles\fatfs_vars.tmp
2024-12-06 00:29:46,815 [INFO] CodeEngine:255 - oldGeneratedFile, C:\Projects\STM32_Projects\F4_SD\SD_Reader\MXTmpFiles\fatfs_ext_vars.tmp_save
2024-12-06 00:29:46,864 [INFO] CodeEngine:279 - Generated code: C:\Projects\STM32_Projects\F4_SD\SD_Reader\MXTmpFiles\fatfs_ext_vars.tmp
2024-12-06 00:29:46,872 [INFO] CodeEngine:255 - oldGeneratedFile, C:\Projects\STM32_Projects\F4_SD\SD_Reader\MXTmpFiles\fatfs_inc.tmp_save
2024-12-06 00:29:46,922 [INFO] CodeEngine:279 - Generated code: C:\Projects\STM32_Projects\F4_SD\SD_Reader\MXTmpFiles\fatfs_inc.tmp
2024-12-06 00:29:46,940 [INFO] CodeEngine:255 - oldGeneratedFile, C:\Projects\STM32_Projects\F4_SD\SD_Reader\FATFS\Target\ffconf.h_save
2024-12-06 00:29:47,068 [INFO] CodeEngine:279 - Generated code: C:\Projects\STM32_Projects\F4_SD\SD_Reader\FATFS\Target\ffconf.h
2024-12-06 00:29:47,085 [INFO] CodeEngine:255 - oldGeneratedFile, C:\Projects\STM32_Projects\F4_SD\SD_Reader\FATFS\Target\bsp_driver_sd.c_save
2024-12-06 00:29:47,177 [INFO] CodeEngine:279 - Generated code: C:\Projects\STM32_Projects\F4_SD\SD_Reader\FATFS\Target\bsp_driver_sd.c
2024-12-06 00:29:47,195 [INFO] CodeEngine:255 - oldGeneratedFile, C:\Projects\STM32_Projects\F4_SD\SD_Reader\FATFS\Target\bsp_driver_sd.h_save
2024-12-06 00:29:47,274 [INFO] CodeEngine:279 - Generated code: C:\Projects\STM32_Projects\F4_SD\SD_Reader\FATFS\Target\bsp_driver_sd.h
2024-12-06 00:29:47,291 [INFO] CodeEngine:255 - oldGeneratedFile, C:\Projects\STM32_Projects\F4_SD\SD_Reader\FATFS\Target\sd_diskio.h_save
2024-12-06 00:29:47,361 [INFO] CodeEngine:279 - Generated code: C:\Projects\STM32_Projects\F4_SD\SD_Reader\FATFS\Target\sd_diskio.h
2024-12-06 00:29:47,381 [INFO] CodeEngine:255 - oldGeneratedFile, C:\Projects\STM32_Projects\F4_SD\SD_Reader\FATFS\Target\sd_diskio.c_save
2024-12-06 00:29:47,458 [INFO] CodeEngine:279 - Generated code: C:\Projects\STM32_Projects\F4_SD\SD_Reader\FATFS\Target\sd_diskio.c
2024-12-06 00:29:47,478 [INFO] CodeEngine:255 - oldGeneratedFile, C:\Projects\STM32_Projects\F4_SD\SD_Reader\FATFS\App\fatfs.c_save
2024-12-06 00:29:47,588 [INFO] CodeEngine:279 - Generated code: C:\Projects\STM32_Projects\F4_SD\SD_Reader\FATFS\App\fatfs.c
2024-12-06 00:29:47,594 [INFO] CodeEngine:255 - oldGeneratedFile, C:\Projects\STM32_Projects\F4_SD\SD_Reader\FATFS\App\fatfs.h_save
2024-12-06 00:29:47,700 [INFO] CodeEngine:279 - Generated code: C:\Projects\STM32_Projects\F4_SD\SD_Reader\FATFS\App\fatfs.h
2024-12-06 00:29:47,717 [INFO] CodeEngine:255 - oldGeneratedFile, C:\Projects\STM32_Projects\F4_SD\SD_Reader\FATFS\Target\fatfs_platform.c_save
2024-12-06 00:29:47,806 [INFO] CodeEngine:279 - Generated code: C:\Projects\STM32_Projects\F4_SD\SD_Reader\FATFS\Target\fatfs_platform.c
2024-12-06 00:29:47,825 [INFO] CodeEngine:255 - oldGeneratedFile, C:\Projects\STM32_Projects\F4_SD\SD_Reader\FATFS\Target\fatfs_platform.h_save
2024-12-06 00:29:47,920 [INFO] CodeEngine:279 - Generated code: C:\Projects\STM32_Projects\F4_SD\SD_Reader\FATFS\Target\fatfs_platform.h
2024-12-06 00:29:47,968 [INFO] CodeEngine:255 - oldGeneratedFile, C:\Projects\STM32_Projects\F4_SD\SD_Reader\Core\Src\stm32f4xx_it.c_save
2024-12-06 00:29:48,444 [INFO] CodeEngine:279 - Generated code: C:\Projects\STM32_Projects\F4_SD\SD_Reader\Core\Src\stm32f4xx_it.c
2024-12-06 00:29:48,455 [INFO] CodeEngine:255 - oldGeneratedFile, C:\Projects\STM32_Projects\F4_SD\SD_Reader\Core\Inc\stm32f4xx_it.h_save
2024-12-06 00:29:48,613 [INFO] CodeEngine:279 - Generated code: C:\Projects\STM32_Projects\F4_SD\SD_Reader\Core\Inc\stm32f4xx_it.h
2024-12-06 00:29:48,671 [INFO] CodeEngine:255 - oldGeneratedFile, C:\Projects\STM32_Projects\F4_SD\SD_Reader\Core\Src\stm32f4xx_hal_msp.c_save
2024-12-06 00:29:49,054 [INFO] CodeEngine:279 - Generated code: C:\Projects\STM32_Projects\F4_SD\SD_Reader\Core\Src\stm32f4xx_hal_msp.c
2024-12-06 00:29:49,065 [INFO] CodeEngine:255 - oldGeneratedFile, C:\Projects\STM32_Projects\F4_SD\SD_Reader\MXTmpFiles\system.tmp_save
2024-12-06 00:29:49,217 [INFO] CodeEngine:279 - Generated code: C:\Projects\STM32_Projects\F4_SD\SD_Reader\MXTmpFiles\system.tmp
2024-12-06 00:29:49,267 [INFO] CodeEngine:311 - oldGeneratedFile, C:\Projects\STM32_Projects\F4_SD\SD_Reader\Core\Inc\stm32f4xx_hal_conf.h_save
2024-12-06 00:29:49,504 [INFO] CodeEngine:335 - Generated code: C:\Projects\STM32_Projects\F4_SD\SD_Reader\Core\Inc\stm32f4xx_hal_conf.h
2024-12-06 00:29:49,644 [INFO] CodeEngine:255 - oldGeneratedFile, C:\Projects\STM32_Projects\F4_SD\SD_Reader\Core\Inc\main.h_save
2024-12-06 00:29:49,889 [INFO] CodeEngine:279 - Generated code: C:\Projects\STM32_Projects\F4_SD\SD_Reader\Core\Inc\main.h
2024-12-06 00:29:49,929 [INFO] CodeEngine:255 - oldGeneratedFile, C:\Projects\STM32_Projects\F4_SD\SD_Reader\Core\Src\main.c_save
2024-12-06 00:29:50,279 [INFO] CodeEngine:279 - Generated code: C:\Projects\STM32_Projects\F4_SD\SD_Reader\Core\Src\main.c
2024-12-06 00:29:51,557 [INFO] ProjectBuilder:3289 - Time for Copy HAL[1] : 605mS.
2024-12-06 00:29:51,576 [INFO] ProjectBuilder:4876 - Project Generator version: 4.5.0-RC5
2024-12-06 00:29:51,809 [INFO] ConfigFileManager:1579 - The Die is : DIE413
2024-12-06 00:29:54,823 [INFO] ProjectBuilder:5154 - Time for Generating toolchain IDE Files: 3246mS.
2024-12-06 00:29:54,825 [INFO] ProjectBuilder:3146 - Time for Copy CMSIS : 2mS.
2024-12-06 00:29:54,843 [INFO] ProjectBuilder:3146 - Time for Copy CMSIS : 0mS.
2024-12-06 00:35:24,515 [INFO] DmaTabbedPanel:205 - Cannot restore the selected Tab for DMA
2024-12-06 00:36:53,563 [INFO] UtilMem:75 - End SaveConfig() Used Memory: 574123736 Bytes (678428672)
2024-12-06 00:36:53,741 [INFO] UtilMem:75 - End SaveConfig() Used Memory: 597472272 Bytes (678428672)
2024-12-06 00:36:54,326 [INFO] UtilMem:75 - End SaveConfig() Used Memory: 317518952 Bytes (678428672)
2024-12-06 00:36:54,848 [INFO] BlockDiagram:2766 - set Specific Code input for plugin: SDIO
2024-12-06 00:36:54,848 [INFO] BlockDiagram:2766 - set Specific Code input for plugin: SYS
2024-12-06 00:36:54,848 [INFO] BlockDiagram:2766 - set Specific Code input for plugin: RCC
2024-12-06 00:36:54,849 [INFO] BlockDiagram:2766 - set Specific Code input for plugin: NVIC
2024-12-06 00:36:54,849 [INFO] BlockDiagram:2766 - set Specific Code input for plugin: USART
2024-12-06 00:36:54,849 [INFO] BlockDiagram:2766 - set Specific Code input for plugin: DMA
2024-12-06 00:36:54,850 [INFO] BlockDiagram:2766 - set Specific Code input for plugin: GPIO
2024-12-06 00:36:54,850 [INFO] BlockDiagram:2766 - set Specific Code input for plugin: FATFS
2024-12-06 00:36:54,851 [INFO] CodeGenerator:896 - code generatio: config db path: C:\ST\STM32CubeIDE_1.17.0\STM32CubeIDE\plugins\com.st.stm32cube.common.mx_6.13.0.202411220809\\db\
2024-12-06 00:36:54,930 [INFO] CodeEngine:255 - oldGeneratedFile, C:\Projects\STM32_Projects\F4_SD\SD_Reader\MXTmpFiles\license.tmp_save
2024-12-06 00:36:55,182 [INFO] CodeEngine:279 - Generated code: C:\Projects\STM32_Projects\F4_SD\SD_Reader\MXTmpFiles\license.tmp
2024-12-06 00:36:55,211 [INFO] CodeEngine:255 - oldGeneratedFile, C:\Projects\STM32_Projects\F4_SD\SD_Reader\MXTmpFiles\gpio.tmp_save
2024-12-06 00:36:55,409 [INFO] CodeEngine:279 - Generated code: C:\Projects\STM32_Projects\F4_SD\SD_Reader\MXTmpFiles\gpio.tmp
2024-12-06 00:36:55,564 [INFO] CodeEngine:255 - oldGeneratedFile, C:\Projects\STM32_Projects\F4_SD\SD_Reader\MXTmpFiles\fatfs_HalInit.tmp_save
2024-12-06 00:36:55,707 [INFO] CodeEngine:279 - Generated code: C:\Projects\STM32_Projects\F4_SD\SD_Reader\MXTmpFiles\fatfs_HalInit.tmp
2024-12-06 00:36:55,710 [INFO] CodeEngine:255 - oldGeneratedFile, C:\Projects\STM32_Projects\F4_SD\SD_Reader\MXTmpFiles\fatfs_vars.tmp_save
2024-12-06 00:36:55,799 [INFO] CodeEngine:279 - Generated code: C:\Projects\STM32_Projects\F4_SD\SD_Reader\MXTmpFiles\fatfs_vars.tmp
2024-12-06 00:36:55,804 [INFO] CodeEngine:255 - oldGeneratedFile, C:\Projects\STM32_Projects\F4_SD\SD_Reader\MXTmpFiles\fatfs_ext_vars.tmp_save
2024-12-06 00:36:55,882 [INFO] CodeEngine:279 - Generated code: C:\Projects\STM32_Projects\F4_SD\SD_Reader\MXTmpFiles\fatfs_ext_vars.tmp
2024-12-06 00:36:55,886 [INFO] CodeEngine:255 - oldGeneratedFile, C:\Projects\STM32_Projects\F4_SD\SD_Reader\MXTmpFiles\fatfs_inc.tmp_save
2024-12-06 00:36:55,958 [INFO] CodeEngine:279 - Generated code: C:\Projects\STM32_Projects\F4_SD\SD_Reader\MXTmpFiles\fatfs_inc.tmp
2024-12-06 00:36:55,971 [INFO] CodeEngine:255 - oldGeneratedFile, C:\Projects\STM32_Projects\F4_SD\SD_Reader\MXTmpFiles\dma.tmp_save
2024-12-06 00:36:56,074 [INFO] CodeEngine:279 - Generated code: C:\Projects\STM32_Projects\F4_SD\SD_Reader\MXTmpFiles\dma.tmp
2024-12-06 00:36:56,078 [INFO] CodeEngine:255 - oldGeneratedFile, C:\Projects\STM32_Projects\F4_SD\SD_Reader\MXTmpFiles\dma_GV.tmp_save
2024-12-06 00:36:56,136 [INFO] CodeEngine:279 - Generated code: C:\Projects\STM32_Projects\F4_SD\SD_Reader\MXTmpFiles\dma_GV.tmp
2024-12-06 00:36:56,153 [INFO] CodeEngine:255 - oldGeneratedFile, C:\Projects\STM32_Projects\F4_SD\SD_Reader\MXTmpFiles\fatfs_HalInit.tmp_save
2024-12-06 00:36:56,221 [INFO] CodeEngine:279 - Generated code: C:\Projects\STM32_Projects\F4_SD\SD_Reader\MXTmpFiles\fatfs_HalInit.tmp
2024-12-06 00:36:56,228 [INFO] CodeEngine:255 - oldGeneratedFile, C:\Projects\STM32_Projects\F4_SD\SD_Reader\MXTmpFiles\fatfs_vars.tmp_save
2024-12-06 00:36:56,278 [INFO] CodeEngine:279 - Generated code: C:\Projects\STM32_Projects\F4_SD\SD_Reader\MXTmpFiles\fatfs_vars.tmp
2024-12-06 00:36:56,283 [INFO] CodeEngine:255 - oldGeneratedFile, C:\Projects\STM32_Projects\F4_SD\SD_Reader\MXTmpFiles\fatfs_ext_vars.tmp_save
2024-12-06 00:36:56,332 [INFO] CodeEngine:279 - Generated code: C:\Projects\STM32_Projects\F4_SD\SD_Reader\MXTmpFiles\fatfs_ext_vars.tmp
2024-12-06 00:36:56,337 [INFO] CodeEngine:255 - oldGeneratedFile, C:\Projects\STM32_Projects\F4_SD\SD_Reader\MXTmpFiles\fatfs_inc.tmp_save
2024-12-06 00:36:56,384 [INFO] CodeEngine:279 - Generated code: C:\Projects\STM32_Projects\F4_SD\SD_Reader\MXTmpFiles\fatfs_inc.tmp
2024-12-06 00:36:56,403 [INFO] CodeEngine:255 - oldGeneratedFile, C:\Projects\STM32_Projects\F4_SD\SD_Reader\FATFS\Target\ffconf.h_save
2024-12-06 00:36:56,532 [INFO] CodeEngine:279 - Generated code: C:\Projects\STM32_Projects\F4_SD\SD_Reader\FATFS\Target\ffconf.h
2024-12-06 00:36:56,551 [INFO] CodeEngine:255 - oldGeneratedFile, C:\Projects\STM32_Projects\F4_SD\SD_Reader\FATFS\Target\bsp_driver_sd.c_save
2024-12-06 00:36:56,647 [INFO] CodeEngine:279 - Generated code: C:\Projects\STM32_Projects\F4_SD\SD_Reader\FATFS\Target\bsp_driver_sd.c
2024-12-06 00:36:56,654 [INFO] CodeEngine:255 - oldGeneratedFile, C:\Projects\STM32_Projects\F4_SD\SD_Reader\FATFS\Target\bsp_driver_sd.h_save
2024-12-06 00:36:56,714 [INFO] CodeEngine:279 - Generated code: C:\Projects\STM32_Projects\F4_SD\SD_Reader\FATFS\Target\bsp_driver_sd.h
2024-12-06 00:36:56,719 [INFO] CodeEngine:255 - oldGeneratedFile, C:\Projects\STM32_Projects\F4_SD\SD_Reader\FATFS\Target\sd_diskio.h_save
2024-12-06 00:36:56,791 [INFO] CodeEngine:279 - Generated code: C:\Projects\STM32_Projects\F4_SD\SD_Reader\FATFS\Target\sd_diskio.h
2024-12-06 00:36:56,812 [INFO] CodeEngine:255 - oldGeneratedFile, C:\Projects\STM32_Projects\F4_SD\SD_Reader\FATFS\Target\sd_diskio.c_save
2024-12-06 00:36:56,897 [INFO] CodeEngine:279 - Generated code: C:\Projects\STM32_Projects\F4_SD\SD_Reader\FATFS\Target\sd_diskio.c
2024-12-06 00:36:56,904 [INFO] CodeEngine:255 - oldGeneratedFile, C:\Projects\STM32_Projects\F4_SD\SD_Reader\FATFS\App\fatfs.c_save
2024-12-06 00:36:56,994 [INFO] CodeEngine:279 - Generated code: C:\Projects\STM32_Projects\F4_SD\SD_Reader\FATFS\App\fatfs.c
2024-12-06 00:36:57,001 [INFO] CodeEngine:255 - oldGeneratedFile, C:\Projects\STM32_Projects\F4_SD\SD_Reader\FATFS\App\fatfs.h_save
2024-12-06 00:36:57,080 [INFO] CodeEngine:279 - Generated code: C:\Projects\STM32_Projects\F4_SD\SD_Reader\FATFS\App\fatfs.h
2024-12-06 00:36:57,091 [INFO] CodeEngine:255 - oldGeneratedFile, C:\Projects\STM32_Projects\F4_SD\SD_Reader\FATFS\Target\fatfs_platform.c_save
2024-12-06 00:36:57,172 [INFO] CodeEngine:279 - Generated code: C:\Projects\STM32_Projects\F4_SD\SD_Reader\FATFS\Target\fatfs_platform.c
2024-12-06 00:36:57,180 [INFO] CodeEngine:255 - oldGeneratedFile, C:\Projects\STM32_Projects\F4_SD\SD_Reader\FATFS\Target\fatfs_platform.h_save
2024-12-06 00:36:57,272 [INFO] CodeEngine:279 - Generated code: C:\Projects\STM32_Projects\F4_SD\SD_Reader\FATFS\Target\fatfs_platform.h
2024-12-06 00:36:57,320 [INFO] CodeEngine:255 - oldGeneratedFile, C:\Projects\STM32_Projects\F4_SD\SD_Reader\Core\Src\stm32f4xx_it.c_save
2024-12-06 00:36:57,501 [INFO] CodeEngine:279 - Generated code: C:\Projects\STM32_Projects\F4_SD\SD_Reader\Core\Src\stm32f4xx_it.c
2024-12-06 00:36:57,508 [INFO] CodeEngine:255 - oldGeneratedFile, C:\Projects\STM32_Projects\F4_SD\SD_Reader\Core\Inc\stm32f4xx_it.h_save
2024-12-06 00:36:57,615 [INFO] CodeEngine:279 - Generated code: C:\Projects\STM32_Projects\F4_SD\SD_Reader\Core\Inc\stm32f4xx_it.h
2024-12-06 00:36:57,653 [INFO] CodeEngine:255 - oldGeneratedFile, C:\Projects\STM32_Projects\F4_SD\SD_Reader\Core\Src\stm32f4xx_hal_msp.c_save
2024-12-06 00:36:57,868 [INFO] CodeEngine:279 - Generated code: C:\Projects\STM32_Projects\F4_SD\SD_Reader\Core\Src\stm32f4xx_hal_msp.c
2024-12-06 00:36:57,875 [INFO] CodeEngine:255 - oldGeneratedFile, C:\Projects\STM32_Projects\F4_SD\SD_Reader\MXTmpFiles\system.tmp_save
2024-12-06 00:36:57,955 [INFO] CodeEngine:279 - Generated code: C:\Projects\STM32_Projects\F4_SD\SD_Reader\MXTmpFiles\system.tmp
2024-12-06 00:36:57,990 [INFO] CodeEngine:311 - oldGeneratedFile, C:\Projects\STM32_Projects\F4_SD\SD_Reader\Core\Inc\stm32f4xx_hal_conf.h_save
2024-12-06 00:36:58,154 [INFO] CodeEngine:335 - Generated code: C:\Projects\STM32_Projects\F4_SD\SD_Reader\Core\Inc\stm32f4xx_hal_conf.h
2024-12-06 00:36:58,266 [INFO] CodeEngine:255 - oldGeneratedFile, C:\Projects\STM32_Projects\F4_SD\SD_Reader\Core\Inc\main.h_save
2024-12-06 00:36:58,374 [INFO] CodeEngine:279 - Generated code: C:\Projects\STM32_Projects\F4_SD\SD_Reader\Core\Inc\main.h
2024-12-06 00:36:58,402 [INFO] CodeEngine:255 - oldGeneratedFile, C:\Projects\STM32_Projects\F4_SD\SD_Reader\Core\Src\main.c_save
2024-12-06 00:36:58,630 [INFO] CodeEngine:279 - Generated code: C:\Projects\STM32_Projects\F4_SD\SD_Reader\Core\Src\main.c
2024-12-06 00:36:59,216 [INFO] ProjectBuilder:3289 - Time for Copy HAL[1] : 314mS.
2024-12-06 00:36:59,225 [INFO] ProjectBuilder:4876 - Project Generator version: 4.5.0-RC5
2024-12-06 00:36:59,322 [INFO] ConfigFileManager:1579 - The Die is : DIE413
2024-12-06 00:37:01,325 [INFO] ProjectBuilder:5154 - Time for Generating toolchain IDE Files: 2099mS.
2024-12-06 00:37:01,328 [INFO] ProjectBuilder:3146 - Time for Copy CMSIS : 2mS.
2024-12-06 00:37:01,344 [INFO] ProjectBuilder:3146 - Time for Copy CMSIS : 1mS.
2024-12-06 00:41:03,183 [INFO] NvicTabbedPanel:226 - Cannot restore the selected Tab for NVIC
2024-12-06 00:41:04,088 [INFO] NvicTabbedPanel:226 - Cannot restore the selected Tab for NVIC
2024-12-06 00:41:17,018 [INFO] UtilMem:75 - End SaveConfig() Used Memory: 370635376 Bytes (678428672)
2024-12-06 00:41:17,187 [INFO] UtilMem:75 - End SaveConfig() Used Memory: 393704048 Bytes (678428672)
2024-12-06 00:41:17,750 [INFO] UtilMem:75 - End SaveConfig() Used Memory: 467731576 Bytes (678428672)
2024-12-06 00:41:18,256 [INFO] BlockDiagram:2766 - set Specific Code input for plugin: SDIO
2024-12-06 00:41:18,256 [INFO] BlockDiagram:2766 - set Specific Code input for plugin: SYS
2024-12-06 00:41:18,256 [INFO] BlockDiagram:2766 - set Specific Code input for plugin: RCC
2024-12-06 00:41:18,257 [INFO] BlockDiagram:2766 - set Specific Code input for plugin: NVIC
2024-12-06 00:41:18,257 [INFO] BlockDiagram:2766 - set Specific Code input for plugin: USART
2024-12-06 00:41:18,257 [INFO] BlockDiagram:2766 - set Specific Code input for plugin: DMA
2024-12-06 00:41:18,258 [INFO] BlockDiagram:2766 - set Specific Code input for plugin: GPIO
2024-12-06 00:41:18,258 [INFO] BlockDiagram:2766 - set Specific Code input for plugin: FATFS
2024-12-06 00:41:18,259 [INFO] CodeGenerator:896 - code generatio: config db path: C:\ST\STM32CubeIDE_1.17.0\STM32CubeIDE\plugins\com.st.stm32cube.common.mx_6.13.0.202411220809\\db\
2024-12-06 00:41:18,272 [INFO] Argument:325 - Argument : hdmavalue: null
2024-12-06 00:41:18,272 [INFO] Argument:327 - 	 sub Args: 
2024-12-06 00:41:18,272 [INFO] Argument:325 - Argument : Instancevalue: DMA1_Stream6
2024-12-06 00:41:18,272 [INFO] Argument:335 - Argument : Instancevalue: DMA1_Stream6
2024-12-06 00:41:18,272 [INFO] Argument:325 - Argument : Initvalue: null
2024-12-06 00:41:18,272 [INFO] Argument:327 - 	 sub Args: 
2024-12-06 00:41:18,272 [INFO] Argument:325 - Argument : Channelvalue: DMA_CHANNEL_4
2024-12-06 00:41:18,272 [INFO] Argument:335 - Argument : Channelvalue: DMA_CHANNEL_4
2024-12-06 00:41:18,272 [INFO] Argument:325 - Argument : Directionvalue: DMA_MEMORY_TO_PERIPH
2024-12-06 00:41:18,272 [INFO] Argument:335 - Argument : Directionvalue: DMA_MEMORY_TO_PERIPH
2024-12-06 00:41:18,272 [INFO] Argument:325 - Argument : PeriphIncvalue: DMA_PINC_DISABLE
2024-12-06 00:41:18,272 [INFO] Argument:335 - Argument : PeriphIncvalue: DMA_PINC_DISABLE
2024-12-06 00:41:18,272 [INFO] Argument:325 - Argument : MemIncvalue: DMA_MINC_ENABLE
2024-12-06 00:41:18,273 [INFO] Argument:335 - Argument : MemIncvalue: DMA_MINC_ENABLE
2024-12-06 00:41:18,273 [INFO] Argument:325 - Argument : PeriphDataAlignmentvalue: DMA_PDATAALIGN_BYTE
2024-12-06 00:41:18,273 [INFO] Argument:335 - Argument : PeriphDataAlignmentvalue: DMA_PDATAALIGN_BYTE
2024-12-06 00:41:18,273 [INFO] Argument:325 - Argument : MemDataAlignmentvalue: DMA_MDATAALIGN_BYTE
2024-12-06 00:41:18,273 [INFO] Argument:335 - Argument : MemDataAlignmentvalue: DMA_MDATAALIGN_BYTE
2024-12-06 00:41:18,273 [INFO] Argument:325 - Argument : Modevalue: DMA_NORMAL
2024-12-06 00:41:18,273 [INFO] Argument:335 - Argument : Modevalue: DMA_NORMAL
2024-12-06 00:41:18,273 [INFO] Argument:325 - Argument : Priorityvalue: DMA_PRIORITY_MEDIUM
2024-12-06 00:41:18,273 [INFO] Argument:335 - Argument : Priorityvalue: DMA_PRIORITY_MEDIUM
2024-12-06 00:41:18,273 [INFO] Argument:325 - Argument : FIFOModevalue: DMA_FIFOMODE_DISABLE
2024-12-06 00:41:18,273 [INFO] Argument:335 - Argument : FIFOModevalue: DMA_FIFOMODE_DISABLE
2024-12-06 00:41:18,273 [INFO] Argument:325 - Argument : FIFOThresholdvalue: null
2024-12-06 00:41:18,273 [INFO] Argument:335 - Argument : FIFOThresholdvalue: null
2024-12-06 00:41:18,273 [INFO] Argument:325 - Argument : MemBurstvalue: null
2024-12-06 00:41:18,273 [INFO] Argument:335 - Argument : MemBurstvalue: null
2024-12-06 00:41:18,273 [INFO] Argument:325 - Argument : PeriphBurstvalue: null
2024-12-06 00:41:18,273 [INFO] Argument:335 - Argument : PeriphBurstvalue: null
2024-12-06 00:41:18,273 [INFO] Argument:325 - Argument : Lockvalue: null
2024-12-06 00:41:18,273 [INFO] Argument:335 - Argument : Lockvalue: null
2024-12-06 00:41:18,273 [INFO] Argument:325 - Argument : Statevalue: null
2024-12-06 00:41:18,273 [INFO] Argument:335 - Argument : Statevalue: null
2024-12-06 00:41:18,274 [INFO] Argument:325 - Argument : Parentvalue: null
2024-12-06 00:41:18,274 [INFO] Argument:335 - Argument : Parentvalue: null
2024-12-06 00:41:18,274 [INFO] Argument:325 - Argument : XferCpltCallbackvalue: null
2024-12-06 00:41:18,274 [INFO] Argument:335 - Argument : XferCpltCallbackvalue: null
2024-12-06 00:41:18,274 [INFO] Argument:325 - Argument : XferHalfCpltCallbackvalue: null
2024-12-06 00:41:18,274 [INFO] Argument:335 - Argument : XferHalfCpltCallbackvalue: null
2024-12-06 00:41:18,274 [INFO] Argument:325 - Argument : XferM1CpltCallbackvalue: null
2024-12-06 00:41:18,274 [INFO] Argument:335 - Argument : XferM1CpltCallbackvalue: null
2024-12-06 00:41:18,274 [INFO] Argument:325 - Argument : XferErrorCallbackvalue: null
2024-12-06 00:41:18,275 [INFO] Argument:335 - Argument : XferErrorCallbackvalue: null
2024-12-06 00:41:18,275 [INFO] Argument:325 - Argument : ErrorCodevalue: null
2024-12-06 00:41:18,275 [INFO] Argument:335 - Argument : ErrorCodevalue: null
2024-12-06 00:41:18,348 [INFO] CodeEngine:255 - oldGeneratedFile, C:\Projects\STM32_Projects\F4_SD\SD_Reader\MXTmpFiles\license.tmp_save
2024-12-06 00:41:18,735 [INFO] CodeEngine:279 - Generated code: C:\Projects\STM32_Projects\F4_SD\SD_Reader\MXTmpFiles\license.tmp
2024-12-06 00:41:18,795 [INFO] CodeEngine:255 - oldGeneratedFile, C:\Projects\STM32_Projects\F4_SD\SD_Reader\MXTmpFiles\gpio.tmp_save
2024-12-06 00:41:19,179 [INFO] CodeEngine:279 - Generated code: C:\Projects\STM32_Projects\F4_SD\SD_Reader\MXTmpFiles\gpio.tmp
2024-12-06 00:41:19,506 [INFO] CodeEngine:255 - oldGeneratedFile, C:\Projects\STM32_Projects\F4_SD\SD_Reader\MXTmpFiles\fatfs_HalInit.tmp_save
2024-12-06 00:41:19,864 [INFO] CodeEngine:279 - Generated code: C:\Projects\STM32_Projects\F4_SD\SD_Reader\MXTmpFiles\fatfs_HalInit.tmp
2024-12-06 00:41:19,874 [INFO] CodeEngine:255 - oldGeneratedFile, C:\Projects\STM32_Projects\F4_SD\SD_Reader\MXTmpFiles\fatfs_vars.tmp_save
2024-12-06 00:41:20,125 [INFO] CodeEngine:279 - Generated code: C:\Projects\STM32_Projects\F4_SD\SD_Reader\MXTmpFiles\fatfs_vars.tmp
2024-12-06 00:41:20,133 [INFO] CodeEngine:255 - oldGeneratedFile, C:\Projects\STM32_Projects\F4_SD\SD_Reader\MXTmpFiles\fatfs_ext_vars.tmp_save
2024-12-06 00:41:20,394 [INFO] CodeEngine:279 - Generated code: C:\Projects\STM32_Projects\F4_SD\SD_Reader\MXTmpFiles\fatfs_ext_vars.tmp
2024-12-06 00:41:20,406 [INFO] CodeEngine:255 - oldGeneratedFile, C:\Projects\STM32_Projects\F4_SD\SD_Reader\MXTmpFiles\fatfs_inc.tmp_save
2024-12-06 00:41:20,705 [INFO] CodeEngine:279 - Generated code: C:\Projects\STM32_Projects\F4_SD\SD_Reader\MXTmpFiles\fatfs_inc.tmp
2024-12-06 00:41:20,753 [INFO] CodeEngine:255 - oldGeneratedFile, C:\Projects\STM32_Projects\F4_SD\SD_Reader\MXTmpFiles\dma.tmp_save
2024-12-06 00:41:21,088 [INFO] CodeEngine:279 - Generated code: C:\Projects\STM32_Projects\F4_SD\SD_Reader\MXTmpFiles\dma.tmp
2024-12-06 00:41:21,102 [INFO] CodeEngine:255 - oldGeneratedFile, C:\Projects\STM32_Projects\F4_SD\SD_Reader\MXTmpFiles\dma_GV.tmp_save
2024-12-06 00:41:21,312 [INFO] CodeEngine:279 - Generated code: C:\Projects\STM32_Projects\F4_SD\SD_Reader\MXTmpFiles\dma_GV.tmp
2024-12-06 00:41:21,363 [INFO] CodeEngine:255 - oldGeneratedFile, C:\Projects\STM32_Projects\F4_SD\SD_Reader\MXTmpFiles\fatfs_HalInit.tmp_save
2024-12-06 00:41:21,564 [INFO] CodeEngine:279 - Generated code: C:\Projects\STM32_Projects\F4_SD\SD_Reader\MXTmpFiles\fatfs_HalInit.tmp
2024-12-06 00:41:21,578 [INFO] CodeEngine:255 - oldGeneratedFile, C:\Projects\STM32_Projects\F4_SD\SD_Reader\MXTmpFiles\fatfs_vars.tmp_save
2024-12-06 00:41:21,725 [INFO] CodeEngine:279 - Generated code: C:\Projects\STM32_Projects\F4_SD\SD_Reader\MXTmpFiles\fatfs_vars.tmp
2024-12-06 00:41:21,738 [INFO] CodeEngine:255 - oldGeneratedFile, C:\Projects\STM32_Projects\F4_SD\SD_Reader\MXTmpFiles\fatfs_ext_vars.tmp_save
2024-12-06 00:41:21,865 [INFO] CodeEngine:279 - Generated code: C:\Projects\STM32_Projects\F4_SD\SD_Reader\MXTmpFiles\fatfs_ext_vars.tmp
2024-12-06 00:41:21,878 [INFO] CodeEngine:255 - oldGeneratedFile, C:\Projects\STM32_Projects\F4_SD\SD_Reader\MXTmpFiles\fatfs_inc.tmp_save
2024-12-06 00:41:22,002 [INFO] CodeEngine:279 - Generated code: C:\Projects\STM32_Projects\F4_SD\SD_Reader\MXTmpFiles\fatfs_inc.tmp
2024-12-06 00:41:22,041 [INFO] CodeEngine:255 - oldGeneratedFile, C:\Projects\STM32_Projects\F4_SD\SD_Reader\FATFS\Target\ffconf.h_save
2024-12-06 00:41:22,348 [INFO] CodeEngine:279 - Generated code: C:\Projects\STM32_Projects\F4_SD\SD_Reader\FATFS\Target\ffconf.h
2024-12-06 00:41:22,385 [INFO] CodeEngine:255 - oldGeneratedFile, C:\Projects\STM32_Projects\F4_SD\SD_Reader\FATFS\Target\bsp_driver_sd.c_save
2024-12-06 00:41:22,608 [INFO] CodeEngine:279 - Generated code: C:\Projects\STM32_Projects\F4_SD\SD_Reader\FATFS\Target\bsp_driver_sd.c
2024-12-06 00:41:22,622 [INFO] CodeEngine:255 - oldGeneratedFile, C:\Projects\STM32_Projects\F4_SD\SD_Reader\FATFS\Target\bsp_driver_sd.h_save
2024-12-06 00:41:22,760 [INFO] CodeEngine:279 - Generated code: C:\Projects\STM32_Projects\F4_SD\SD_Reader\FATFS\Target\bsp_driver_sd.h
2024-12-06 00:41:22,777 [INFO] CodeEngine:255 - oldGeneratedFile, C:\Projects\STM32_Projects\F4_SD\SD_Reader\FATFS\Target\sd_diskio.h_save
2024-12-06 00:41:22,895 [INFO] CodeEngine:279 - Generated code: C:\Projects\STM32_Projects\F4_SD\SD_Reader\FATFS\Target\sd_diskio.h
2024-12-06 00:41:22,925 [INFO] CodeEngine:255 - oldGeneratedFile, C:\Projects\STM32_Projects\F4_SD\SD_Reader\FATFS\Target\sd_diskio.c_save
2024-12-06 00:41:23,076 [INFO] CodeEngine:279 - Generated code: C:\Projects\STM32_Projects\F4_SD\SD_Reader\FATFS\Target\sd_diskio.c
2024-12-06 00:41:23,090 [INFO] CodeEngine:255 - oldGeneratedFile, C:\Projects\STM32_Projects\F4_SD\SD_Reader\FATFS\App\fatfs.c_save
2024-12-06 00:41:23,242 [INFO] CodeEngine:279 - Generated code: C:\Projects\STM32_Projects\F4_SD\SD_Reader\FATFS\App\fatfs.c
2024-12-06 00:41:23,257 [INFO] CodeEngine:255 - oldGeneratedFile, C:\Projects\STM32_Projects\F4_SD\SD_Reader\FATFS\App\fatfs.h_save
2024-12-06 00:41:23,386 [INFO] CodeEngine:279 - Generated code: C:\Projects\STM32_Projects\F4_SD\SD_Reader\FATFS\App\fatfs.h
2024-12-06 00:41:23,397 [INFO] CodeEngine:255 - oldGeneratedFile, C:\Projects\STM32_Projects\F4_SD\SD_Reader\FATFS\Target\fatfs_platform.c_save
2024-12-06 00:41:23,524 [INFO] CodeEngine:279 - Generated code: C:\Projects\STM32_Projects\F4_SD\SD_Reader\FATFS\Target\fatfs_platform.c
2024-12-06 00:41:23,535 [INFO] CodeEngine:255 - oldGeneratedFile, C:\Projects\STM32_Projects\F4_SD\SD_Reader\FATFS\Target\fatfs_platform.h_save
2024-12-06 00:41:23,662 [INFO] CodeEngine:279 - Generated code: C:\Projects\STM32_Projects\F4_SD\SD_Reader\FATFS\Target\fatfs_platform.h
2024-12-06 00:41:23,732 [INFO] CodeEngine:255 - oldGeneratedFile, C:\Projects\STM32_Projects\F4_SD\SD_Reader\Core\Src\stm32f4xx_it.c_save
2024-12-06 00:41:23,882 [INFO] CodeEngine:279 - Generated code: C:\Projects\STM32_Projects\F4_SD\SD_Reader\Core\Src\stm32f4xx_it.c
2024-12-06 00:41:23,894 [INFO] CodeEngine:255 - oldGeneratedFile, C:\Projects\STM32_Projects\F4_SD\SD_Reader\Core\Inc\stm32f4xx_it.h_save
2024-12-06 00:41:24,034 [INFO] CodeEngine:279 - Generated code: C:\Projects\STM32_Projects\F4_SD\SD_Reader\Core\Inc\stm32f4xx_it.h
2024-12-06 00:41:24,089 [INFO] CodeEngine:255 - oldGeneratedFile, C:\Projects\STM32_Projects\F4_SD\SD_Reader\Core\Src\stm32f4xx_hal_msp.c_save
2024-12-06 00:41:24,276 [INFO] CodeEngine:279 - Generated code: C:\Projects\STM32_Projects\F4_SD\SD_Reader\Core\Src\stm32f4xx_hal_msp.c
2024-12-06 00:41:24,285 [INFO] CodeEngine:255 - oldGeneratedFile, C:\Projects\STM32_Projects\F4_SD\SD_Reader\MXTmpFiles\system.tmp_save
2024-12-06 00:41:24,384 [INFO] CodeEngine:279 - Generated code: C:\Projects\STM32_Projects\F4_SD\SD_Reader\MXTmpFiles\system.tmp
2024-12-06 00:41:24,428 [INFO] CodeEngine:311 - oldGeneratedFile, C:\Projects\STM32_Projects\F4_SD\SD_Reader\Core\Inc\stm32f4xx_hal_conf.h_save
2024-12-06 00:41:24,608 [INFO] CodeEngine:335 - Generated code: C:\Projects\STM32_Projects\F4_SD\SD_Reader\Core\Inc\stm32f4xx_hal_conf.h
2024-12-06 00:41:24,727 [INFO] CodeEngine:255 - oldGeneratedFile, C:\Projects\STM32_Projects\F4_SD\SD_Reader\Core\Inc\main.h_save
2024-12-06 00:41:24,908 [INFO] CodeEngine:279 - Generated code: C:\Projects\STM32_Projects\F4_SD\SD_Reader\Core\Inc\main.h
2024-12-06 00:41:24,940 [INFO] CodeEngine:255 - oldGeneratedFile, C:\Projects\STM32_Projects\F4_SD\SD_Reader\Core\Src\main.c_save
2024-12-06 00:41:25,192 [INFO] CodeEngine:279 - Generated code: C:\Projects\STM32_Projects\F4_SD\SD_Reader\Core\Src\main.c
2024-12-06 00:41:25,936 [INFO] ProjectBuilder:3289 - Time for Copy HAL[1] : 310mS.
2024-12-06 00:41:25,946 [INFO] ProjectBuilder:4876 - Project Generator version: 4.5.0-RC5
2024-12-06 00:41:26,065 [INFO] ConfigFileManager:1579 - The Die is : DIE413
2024-12-06 00:41:28,480 [INFO] ProjectBuilder:5154 - Time for Generating toolchain IDE Files: 2533mS.
2024-12-06 00:41:28,484 [INFO] ProjectBuilder:3146 - Time for Copy CMSIS : 2mS.
2024-12-06 00:41:28,499 [INFO] ProjectBuilder:3146 - Time for Copy CMSIS : 0mS.
2024-12-06 01:00:17,906 [INFO] NvicIntPanel:101 - NVIC parent = com.st.microxplorer.plugins.ip.nvic.MultiNvicIntPanel[,0,0,450x354,layout=javax.swing.BoxLayout,alignmentX=0.0,alignmentY=0.0,border=,flags=9,maximumSize=,minimumSize=,preferredSize=]
2024-12-06 01:02:42,798 [INFO] BspModel:204 - createCodeInput : Detect_SDIO Template : 2 IPName : GPIO IPMode : Input Component :  Solution : PA8 InstanceName : 
2024-12-06 01:02:44,231 [INFO] UtilMem:75 - End SaveConfig() Used Memory: 382273224 Bytes (683671552)
2024-12-06 01:02:44,455 [INFO] UtilMem:75 - End SaveConfig() Used Memory: 406462888 Bytes (683671552)
2024-12-06 01:02:46,131 [INFO] UtilMem:75 - End SaveConfig() Used Memory: 491907880 Bytes (683671552)
2024-12-06 01:02:48,210 [INFO] BlockDiagram:2766 - set Specific Code input for plugin: SDIO
2024-12-06 01:02:48,211 [INFO] BlockDiagram:2766 - set Specific Code input for plugin: SYS
2024-12-06 01:02:48,212 [INFO] BlockDiagram:2766 - set Specific Code input for plugin: RCC
2024-12-06 01:02:48,213 [INFO] BlockDiagram:2766 - set Specific Code input for plugin: NVIC
2024-12-06 01:02:48,214 [INFO] BlockDiagram:2766 - set Specific Code input for plugin: USART
2024-12-06 01:02:48,214 [INFO] BlockDiagram:2766 - set Specific Code input for plugin: DMA
2024-12-06 01:02:48,215 [INFO] BlockDiagram:2766 - set Specific Code input for plugin: GPIO
2024-12-06 01:02:48,216 [INFO] BlockDiagram:2766 - set Specific Code input for plugin: FATFS
2024-12-06 01:02:48,218 [INFO] CodeGenerator:896 - code generatio: config db path: C:\ST\STM32CubeIDE_1.17.0\STM32CubeIDE\plugins\com.st.stm32cube.common.mx_6.13.0.202411220809\\db\
2024-12-06 01:02:48,253 [INFO] Argument:325 - Argument : hdmavalue: null
2024-12-06 01:02:48,253 [INFO] Argument:327 - 	 sub Args: 
2024-12-06 01:02:48,254 [INFO] Argument:325 - Argument : Instancevalue: DMA1_Stream6
2024-12-06 01:02:48,254 [INFO] Argument:335 - Argument : Instancevalue: DMA1_Stream6
2024-12-06 01:02:48,254 [INFO] Argument:325 - Argument : Initvalue: null
2024-12-06 01:02:48,254 [INFO] Argument:327 - 	 sub Args: 
2024-12-06 01:02:48,254 [INFO] Argument:325 - Argument : Channelvalue: DMA_CHANNEL_4
2024-12-06 01:02:48,255 [INFO] Argument:335 - Argument : Channelvalue: DMA_CHANNEL_4
2024-12-06 01:02:48,255 [INFO] Argument:325 - Argument : Directionvalue: DMA_MEMORY_TO_PERIPH
2024-12-06 01:02:48,255 [INFO] Argument:335 - Argument : Directionvalue: DMA_MEMORY_TO_PERIPH
2024-12-06 01:02:48,255 [INFO] Argument:325 - Argument : PeriphIncvalue: DMA_PINC_DISABLE
2024-12-06 01:02:48,256 [INFO] Argument:335 - Argument : PeriphIncvalue: DMA_PINC_DISABLE
2024-12-06 01:02:48,256 [INFO] Argument:325 - Argument : MemIncvalue: DMA_MINC_ENABLE
2024-12-06 01:02:48,256 [INFO] Argument:335 - Argument : MemIncvalue: DMA_MINC_ENABLE
2024-12-06 01:02:48,256 [INFO] Argument:325 - Argument : PeriphDataAlignmentvalue: DMA_PDATAALIGN_BYTE
2024-12-06 01:02:48,256 [INFO] Argument:335 - Argument : PeriphDataAlignmentvalue: DMA_PDATAALIGN_BYTE
2024-12-06 01:02:48,256 [INFO] Argument:325 - Argument : MemDataAlignmentvalue: DMA_MDATAALIGN_BYTE
2024-12-06 01:02:48,257 [INFO] Argument:335 - Argument : MemDataAlignmentvalue: DMA_MDATAALIGN_BYTE
2024-12-06 01:02:48,257 [INFO] Argument:325 - Argument : Modevalue: DMA_NORMAL
2024-12-06 01:02:48,258 [INFO] Argument:335 - Argument : Modevalue: DMA_NORMAL
2024-12-06 01:02:48,258 [INFO] Argument:325 - Argument : Priorityvalue: DMA_PRIORITY_MEDIUM
2024-12-06 01:02:48,258 [INFO] Argument:335 - Argument : Priorityvalue: DMA_PRIORITY_MEDIUM
2024-12-06 01:02:48,259 [INFO] Argument:325 - Argument : FIFOModevalue: DMA_FIFOMODE_DISABLE
2024-12-06 01:02:48,260 [INFO] Argument:335 - Argument : FIFOModevalue: DMA_FIFOMODE_DISABLE
2024-12-06 01:02:48,260 [INFO] Argument:325 - Argument : FIFOThresholdvalue: null
2024-12-06 01:02:48,260 [INFO] Argument:335 - Argument : FIFOThresholdvalue: null
2024-12-06 01:02:48,260 [INFO] Argument:325 - Argument : MemBurstvalue: null
2024-12-06 01:02:48,260 [INFO] Argument:335 - Argument : MemBurstvalue: null
2024-12-06 01:02:48,261 [INFO] Argument:325 - Argument : PeriphBurstvalue: null
2024-12-06 01:02:48,261 [INFO] Argument:335 - Argument : PeriphBurstvalue: null
2024-12-06 01:02:48,261 [INFO] Argument:325 - Argument : Lockvalue: null
2024-12-06 01:02:48,262 [INFO] Argument:335 - Argument : Lockvalue: null
2024-12-06 01:02:48,262 [INFO] Argument:325 - Argument : Statevalue: null
2024-12-06 01:02:48,262 [INFO] Argument:335 - Argument : Statevalue: null
2024-12-06 01:02:48,262 [INFO] Argument:325 - Argument : Parentvalue: null
2024-12-06 01:02:48,263 [INFO] Argument:335 - Argument : Parentvalue: null
2024-12-06 01:02:48,263 [INFO] Argument:325 - Argument : XferCpltCallbackvalue: null
2024-12-06 01:02:48,264 [INFO] Argument:335 - Argument : XferCpltCallbackvalue: null
2024-12-06 01:02:48,264 [INFO] Argument:325 - Argument : XferHalfCpltCallbackvalue: null
2024-12-06 01:02:48,264 [INFO] Argument:335 - Argument : XferHalfCpltCallbackvalue: null
2024-12-06 01:02:48,264 [INFO] Argument:325 - Argument : XferM1CpltCallbackvalue: null
2024-12-06 01:02:48,265 [INFO] Argument:335 - Argument : XferM1CpltCallbackvalue: null
2024-12-06 01:02:48,265 [INFO] Argument:325 - Argument : XferErrorCallbackvalue: null
2024-12-06 01:02:48,266 [INFO] Argument:335 - Argument : XferErrorCallbackvalue: null
2024-12-06 01:02:48,266 [INFO] Argument:325 - Argument : ErrorCodevalue: null
2024-12-06 01:02:48,266 [INFO] Argument:335 - Argument : ErrorCodevalue: null
2024-12-06 01:02:48,767 [INFO] CodeEngine:255 - oldGeneratedFile, C:\Projects\STM32_Projects\F4_SD\SD_Reader\MXTmpFiles\license.tmp_save
2024-12-06 01:02:49,659 [INFO] CodeEngine:279 - Generated code: C:\Projects\STM32_Projects\F4_SD\SD_Reader\MXTmpFiles\license.tmp
2024-12-06 01:02:49,737 [INFO] CodeEngine:255 - oldGeneratedFile, C:\Projects\STM32_Projects\F4_SD\SD_Reader\MXTmpFiles\gpio.tmp_save
2024-12-06 01:02:50,358 [INFO] CodeEngine:279 - Generated code: C:\Projects\STM32_Projects\F4_SD\SD_Reader\MXTmpFiles\gpio.tmp
2024-12-06 01:02:50,714 [INFO] CodeEngine:255 - oldGeneratedFile, C:\Projects\STM32_Projects\F4_SD\SD_Reader\MXTmpFiles\fatfs_HalInit.tmp_save
2024-12-06 01:02:51,087 [INFO] CodeEngine:279 - Generated code: C:\Projects\STM32_Projects\F4_SD\SD_Reader\MXTmpFiles\fatfs_HalInit.tmp
2024-12-06 01:02:51,095 [INFO] CodeEngine:255 - oldGeneratedFile, C:\Projects\STM32_Projects\F4_SD\SD_Reader\MXTmpFiles\fatfs_vars.tmp_save
2024-12-06 01:02:51,397 [INFO] CodeEngine:279 - Generated code: C:\Projects\STM32_Projects\F4_SD\SD_Reader\MXTmpFiles\fatfs_vars.tmp
2024-12-06 01:02:51,408 [INFO] CodeEngine:255 - oldGeneratedFile, C:\Projects\STM32_Projects\F4_SD\SD_Reader\MXTmpFiles\fatfs_ext_vars.tmp_save
2024-12-06 01:02:51,692 [INFO] CodeEngine:279 - Generated code: C:\Projects\STM32_Projects\F4_SD\SD_Reader\MXTmpFiles\fatfs_ext_vars.tmp
2024-12-06 01:02:51,700 [INFO] CodeEngine:255 - oldGeneratedFile, C:\Projects\STM32_Projects\F4_SD\SD_Reader\MXTmpFiles\fatfs_inc.tmp_save
2024-12-06 01:02:51,957 [INFO] CodeEngine:279 - Generated code: C:\Projects\STM32_Projects\F4_SD\SD_Reader\MXTmpFiles\fatfs_inc.tmp
2024-12-06 01:02:51,990 [INFO] CodeEngine:255 - oldGeneratedFile, C:\Projects\STM32_Projects\F4_SD\SD_Reader\MXTmpFiles\dma.tmp_save
2024-12-06 01:02:52,206 [INFO] CodeEngine:279 - Generated code: C:\Projects\STM32_Projects\F4_SD\SD_Reader\MXTmpFiles\dma.tmp
2024-12-06 01:02:52,212 [INFO] CodeEngine:255 - oldGeneratedFile, C:\Projects\STM32_Projects\F4_SD\SD_Reader\MXTmpFiles\dma_GV.tmp_save
2024-12-06 01:02:52,347 [INFO] CodeEngine:279 - Generated code: C:\Projects\STM32_Projects\F4_SD\SD_Reader\MXTmpFiles\dma_GV.tmp
2024-12-06 01:02:52,388 [INFO] CodeEngine:255 - oldGeneratedFile, C:\Projects\STM32_Projects\F4_SD\SD_Reader\MXTmpFiles\fatfs_HalInit.tmp_save
2024-12-06 01:02:52,590 [INFO] CodeEngine:279 - Generated code: C:\Projects\STM32_Projects\F4_SD\SD_Reader\MXTmpFiles\fatfs_HalInit.tmp
2024-12-06 01:02:52,602 [INFO] CodeEngine:255 - oldGeneratedFile, C:\Projects\STM32_Projects\F4_SD\SD_Reader\MXTmpFiles\fatfs_vars.tmp_save
2024-12-06 01:02:52,740 [INFO] CodeEngine:279 - Generated code: C:\Projects\STM32_Projects\F4_SD\SD_Reader\MXTmpFiles\fatfs_vars.tmp
2024-12-06 01:02:52,755 [INFO] CodeEngine:255 - oldGeneratedFile, C:\Projects\STM32_Projects\F4_SD\SD_Reader\MXTmpFiles\fatfs_ext_vars.tmp_save
2024-12-06 01:02:52,878 [INFO] CodeEngine:279 - Generated code: C:\Projects\STM32_Projects\F4_SD\SD_Reader\MXTmpFiles\fatfs_ext_vars.tmp
2024-12-06 01:02:52,890 [INFO] CodeEngine:255 - oldGeneratedFile, C:\Projects\STM32_Projects\F4_SD\SD_Reader\MXTmpFiles\fatfs_inc.tmp_save
2024-12-06 01:02:52,996 [INFO] CodeEngine:279 - Generated code: C:\Projects\STM32_Projects\F4_SD\SD_Reader\MXTmpFiles\fatfs_inc.tmp
2024-12-06 01:02:53,036 [INFO] CodeEngine:255 - oldGeneratedFile, C:\Projects\STM32_Projects\F4_SD\SD_Reader\FATFS\Target\ffconf.h_save
2024-12-06 01:02:53,337 [INFO] CodeEngine:279 - Generated code: C:\Projects\STM32_Projects\F4_SD\SD_Reader\FATFS\Target\ffconf.h
2024-12-06 01:02:53,367 [INFO] CodeEngine:255 - oldGeneratedFile, C:\Projects\STM32_Projects\F4_SD\SD_Reader\FATFS\Target\bsp_driver_sd.c_save
2024-12-06 01:02:53,582 [INFO] CodeEngine:279 - Generated code: C:\Projects\STM32_Projects\F4_SD\SD_Reader\FATFS\Target\bsp_driver_sd.c
2024-12-06 01:02:53,593 [INFO] CodeEngine:255 - oldGeneratedFile, C:\Projects\STM32_Projects\F4_SD\SD_Reader\FATFS\Target\bsp_driver_sd.h_save
2024-12-06 01:02:53,728 [INFO] CodeEngine:279 - Generated code: C:\Projects\STM32_Projects\F4_SD\SD_Reader\FATFS\Target\bsp_driver_sd.h
2024-12-06 01:02:53,742 [INFO] CodeEngine:255 - oldGeneratedFile, C:\Projects\STM32_Projects\F4_SD\SD_Reader\FATFS\Target\sd_diskio.h_save
2024-12-06 01:02:53,923 [INFO] CodeEngine:279 - Generated code: C:\Projects\STM32_Projects\F4_SD\SD_Reader\FATFS\Target\sd_diskio.h
2024-12-06 01:02:53,963 [INFO] CodeEngine:255 - oldGeneratedFile, C:\Projects\STM32_Projects\F4_SD\SD_Reader\FATFS\Target\sd_diskio.c_save
2024-12-06 01:02:54,140 [INFO] CodeEngine:279 - Generated code: C:\Projects\STM32_Projects\F4_SD\SD_Reader\FATFS\Target\sd_diskio.c
2024-12-06 01:02:54,156 [INFO] CodeEngine:255 - oldGeneratedFile, C:\Projects\STM32_Projects\F4_SD\SD_Reader\FATFS\App\fatfs.c_save
2024-12-06 01:02:54,323 [INFO] CodeEngine:279 - Generated code: C:\Projects\STM32_Projects\F4_SD\SD_Reader\FATFS\App\fatfs.c
2024-12-06 01:02:54,358 [INFO] CodeEngine:255 - oldGeneratedFile, C:\Projects\STM32_Projects\F4_SD\SD_Reader\FATFS\App\fatfs.h_save
2024-12-06 01:02:54,539 [INFO] CodeEngine:279 - Generated code: C:\Projects\STM32_Projects\F4_SD\SD_Reader\FATFS\App\fatfs.h
2024-12-06 01:02:54,552 [INFO] CodeEngine:255 - oldGeneratedFile, C:\Projects\STM32_Projects\F4_SD\SD_Reader\FATFS\Target\fatfs_platform.c_save
2024-12-06 01:02:54,729 [INFO] CodeEngine:279 - Generated code: C:\Projects\STM32_Projects\F4_SD\SD_Reader\FATFS\Target\fatfs_platform.c
2024-12-06 01:02:54,742 [INFO] CodeEngine:255 - oldGeneratedFile, C:\Projects\STM32_Projects\F4_SD\SD_Reader\FATFS\Target\fatfs_platform.h_save
2024-12-06 01:02:54,943 [INFO] CodeEngine:279 - Generated code: C:\Projects\STM32_Projects\F4_SD\SD_Reader\FATFS\Target\fatfs_platform.h
2024-12-06 01:02:55,012 [INFO] CodeEngine:255 - oldGeneratedFile, C:\Projects\STM32_Projects\F4_SD\SD_Reader\Core\Src\stm32f4xx_it.c_save
2024-12-06 01:02:55,404 [INFO] CodeEngine:279 - Generated code: C:\Projects\STM32_Projects\F4_SD\SD_Reader\Core\Src\stm32f4xx_it.c
2024-12-06 01:02:55,415 [INFO] CodeEngine:255 - oldGeneratedFile, C:\Projects\STM32_Projects\F4_SD\SD_Reader\Core\Inc\stm32f4xx_it.h_save
2024-12-06 01:02:55,554 [INFO] CodeEngine:279 - Generated code: C:\Projects\STM32_Projects\F4_SD\SD_Reader\Core\Inc\stm32f4xx_it.h
2024-12-06 01:02:55,621 [INFO] CodeEngine:255 - oldGeneratedFile, C:\Projects\STM32_Projects\F4_SD\SD_Reader\Core\Src\stm32f4xx_hal_msp.c_save
2024-12-06 01:02:55,855 [INFO] CodeEngine:279 - Generated code: C:\Projects\STM32_Projects\F4_SD\SD_Reader\Core\Src\stm32f4xx_hal_msp.c
2024-12-06 01:02:55,866 [INFO] CodeEngine:255 - oldGeneratedFile, C:\Projects\STM32_Projects\F4_SD\SD_Reader\MXTmpFiles\system.tmp_save
2024-12-06 01:02:56,022 [INFO] CodeEngine:279 - Generated code: C:\Projects\STM32_Projects\F4_SD\SD_Reader\MXTmpFiles\system.tmp
2024-12-06 01:02:56,077 [INFO] CodeEngine:311 - oldGeneratedFile, C:\Projects\STM32_Projects\F4_SD\SD_Reader\Core\Inc\stm32f4xx_hal_conf.h_save
2024-12-06 01:02:56,295 [INFO] CodeEngine:335 - Generated code: C:\Projects\STM32_Projects\F4_SD\SD_Reader\Core\Inc\stm32f4xx_hal_conf.h
2024-12-06 01:02:56,428 [INFO] CodeEngine:255 - oldGeneratedFile, C:\Projects\STM32_Projects\F4_SD\SD_Reader\Core\Inc\main.h_save
2024-12-06 01:02:56,639 [INFO] CodeEngine:279 - Generated code: C:\Projects\STM32_Projects\F4_SD\SD_Reader\Core\Inc\main.h
2024-12-06 01:02:56,682 [INFO] CodeEngine:255 - oldGeneratedFile, C:\Projects\STM32_Projects\F4_SD\SD_Reader\Core\Src\main.c_save
2024-12-06 01:02:56,984 [INFO] CodeEngine:279 - Generated code: C:\Projects\STM32_Projects\F4_SD\SD_Reader\Core\Src\main.c
2024-12-06 01:02:57,868 [INFO] ProjectBuilder:3289 - Time for Copy HAL[1] : 516mS.
2024-12-06 01:02:57,880 [INFO] ProjectBuilder:4876 - Project Generator version: 4.5.0-RC5
2024-12-06 01:02:58,103 [INFO] ConfigFileManager:1579 - The Die is : DIE413
2024-12-06 01:03:02,116 [INFO] ProjectBuilder:5154 - Time for Generating toolchain IDE Files: 4236mS.
2024-12-06 01:03:02,119 [INFO] ProjectBuilder:3146 - Time for Copy CMSIS : 1mS.
2024-12-06 01:03:02,143 [INFO] ProjectBuilder:3146 - Time for Copy CMSIS : 0mS.
2024-12-06 01:05:17,107 [INFO] WebApp:190 - Connection lost
2024-12-06 01:05:17,368 [INFO] WebApp:187 - Connection restablished
2024-12-06 01:05:22,152 [INFO] WebApp:190 - Connection lost
2024-12-06 01:05:22,336 [INFO] WebApp:187 - Connection restablished
2024-12-06 01:06:58,400 [INFO] Gpio:277 - dependency for GPIO [RCC, SDIO, SYS, USART2]
2024-12-06 01:07:07,677 [INFO] UtilMem:75 - End SaveConfig() Used Memory: 538624504 Bytes (697303040)
2024-12-06 01:07:07,853 [INFO] UtilMem:75 - End SaveConfig() Used Memory: 563268088 Bytes (697303040)
2024-12-06 01:07:08,510 [INFO] UtilMem:75 - End SaveConfig() Used Memory: 611652648 Bytes (697303040)
2024-12-06 01:07:10,599 [INFO] BlockDiagram:2766 - set Specific Code input for plugin: SDIO
2024-12-06 01:07:10,600 [INFO] BlockDiagram:2766 - set Specific Code input for plugin: SYS
2024-12-06 01:07:10,602 [INFO] BlockDiagram:2766 - set Specific Code input for plugin: RCC
2024-12-06 01:07:10,603 [INFO] BlockDiagram:2766 - set Specific Code input for plugin: NVIC
2024-12-06 01:07:10,604 [INFO] BlockDiagram:2766 - set Specific Code input for plugin: USART
2024-12-06 01:07:10,605 [INFO] BlockDiagram:2766 - set Specific Code input for plugin: DMA
2024-12-06 01:07:10,606 [INFO] BlockDiagram:2766 - set Specific Code input for plugin: GPIO
2024-12-06 01:07:10,606 [INFO] BlockDiagram:2766 - set Specific Code input for plugin: FATFS
2024-12-06 01:07:10,610 [INFO] CodeGenerator:896 - code generatio: config db path: C:\ST\STM32CubeIDE_1.17.0\STM32CubeIDE\plugins\com.st.stm32cube.common.mx_6.13.0.202411220809\\db\
2024-12-06 01:07:10,655 [INFO] Argument:325 - Argument : hdmavalue: null
2024-12-06 01:07:10,656 [INFO] Argument:327 - 	 sub Args: 
2024-12-06 01:07:10,656 [INFO] Argument:325 - Argument : Instancevalue: DMA1_Stream6
2024-12-06 01:07:10,656 [INFO] Argument:335 - Argument : Instancevalue: DMA1_Stream6
2024-12-06 01:07:10,657 [INFO] Argument:325 - Argument : Initvalue: null
2024-12-06 01:07:10,657 [INFO] Argument:327 - 	 sub Args: 
2024-12-06 01:07:10,658 [INFO] Argument:325 - Argument : Channelvalue: DMA_CHANNEL_4
2024-12-06 01:07:10,658 [INFO] Argument:335 - Argument : Channelvalue: DMA_CHANNEL_4
2024-12-06 01:07:10,660 [INFO] Argument:325 - Argument : Directionvalue: DMA_MEMORY_TO_PERIPH
2024-12-06 01:07:10,660 [INFO] Argument:335 - Argument : Directionvalue: DMA_MEMORY_TO_PERIPH
2024-12-06 01:07:10,661 [INFO] Argument:325 - Argument : PeriphIncvalue: DMA_PINC_DISABLE
2024-12-06 01:07:10,661 [INFO] Argument:335 - Argument : PeriphIncvalue: DMA_PINC_DISABLE
2024-12-06 01:07:10,661 [INFO] Argument:325 - Argument : MemIncvalue: DMA_MINC_ENABLE
2024-12-06 01:07:10,662 [INFO] Argument:335 - Argument : MemIncvalue: DMA_MINC_ENABLE
2024-12-06 01:07:10,662 [INFO] Argument:325 - Argument : PeriphDataAlignmentvalue: DMA_PDATAALIGN_BYTE
2024-12-06 01:07:10,662 [INFO] Argument:335 - Argument : PeriphDataAlignmentvalue: DMA_PDATAALIGN_BYTE
2024-12-06 01:07:10,662 [INFO] Argument:325 - Argument : MemDataAlignmentvalue: DMA_MDATAALIGN_BYTE
2024-12-06 01:07:10,662 [INFO] Argument:335 - Argument : MemDataAlignmentvalue: DMA_MDATAALIGN_BYTE
2024-12-06 01:07:10,663 [INFO] Argument:325 - Argument : Modevalue: DMA_NORMAL
2024-12-06 01:07:10,664 [INFO] Argument:335 - Argument : Modevalue: DMA_NORMAL
2024-12-06 01:07:10,664 [INFO] Argument:325 - Argument : Priorityvalue: DMA_PRIORITY_MEDIUM
2024-12-06 01:07:10,664 [INFO] Argument:335 - Argument : Priorityvalue: DMA_PRIORITY_MEDIUM
2024-12-06 01:07:10,665 [INFO] Argument:325 - Argument : FIFOModevalue: DMA_FIFOMODE_DISABLE
2024-12-06 01:07:10,665 [INFO] Argument:335 - Argument : FIFOModevalue: DMA_FIFOMODE_DISABLE
2024-12-06 01:07:10,665 [INFO] Argument:325 - Argument : FIFOThresholdvalue: null
2024-12-06 01:07:10,666 [INFO] Argument:335 - Argument : FIFOThresholdvalue: null
2024-12-06 01:07:10,666 [INFO] Argument:325 - Argument : MemBurstvalue: null
2024-12-06 01:07:10,666 [INFO] Argument:335 - Argument : MemBurstvalue: null
2024-12-06 01:07:10,666 [INFO] Argument:325 - Argument : PeriphBurstvalue: null
2024-12-06 01:07:10,666 [INFO] Argument:335 - Argument : PeriphBurstvalue: null
2024-12-06 01:07:10,667 [INFO] Argument:325 - Argument : Lockvalue: null
2024-12-06 01:07:10,667 [INFO] Argument:335 - Argument : Lockvalue: null
2024-12-06 01:07:10,667 [INFO] Argument:325 - Argument : Statevalue: null
2024-12-06 01:07:10,667 [INFO] Argument:335 - Argument : Statevalue: null
2024-12-06 01:07:10,668 [INFO] Argument:325 - Argument : Parentvalue: null
2024-12-06 01:07:10,668 [INFO] Argument:335 - Argument : Parentvalue: null
2024-12-06 01:07:10,668 [INFO] Argument:325 - Argument : XferCpltCallbackvalue: null
2024-12-06 01:07:10,669 [INFO] Argument:335 - Argument : XferCpltCallbackvalue: null
2024-12-06 01:07:10,669 [INFO] Argument:325 - Argument : XferHalfCpltCallbackvalue: null
2024-12-06 01:07:10,669 [INFO] Argument:335 - Argument : XferHalfCpltCallbackvalue: null
2024-12-06 01:07:10,670 [INFO] Argument:325 - Argument : XferM1CpltCallbackvalue: null
2024-12-06 01:07:10,670 [INFO] Argument:335 - Argument : XferM1CpltCallbackvalue: null
2024-12-06 01:07:10,670 [INFO] Argument:325 - Argument : XferErrorCallbackvalue: null
2024-12-06 01:07:10,672 [INFO] Argument:335 - Argument : XferErrorCallbackvalue: null
2024-12-06 01:07:10,672 [INFO] Argument:325 - Argument : ErrorCodevalue: null
2024-12-06 01:07:10,672 [INFO] Argument:335 - Argument : ErrorCodevalue: null
2024-12-06 01:07:10,914 [INFO] CodeEngine:255 - oldGeneratedFile, C:\Projects\STM32_Projects\F4_SD\SD_Reader\MXTmpFiles\license.tmp_save
2024-12-06 01:07:11,662 [INFO] CodeEngine:279 - Generated code: C:\Projects\STM32_Projects\F4_SD\SD_Reader\MXTmpFiles\license.tmp
2024-12-06 01:07:11,748 [INFO] CodeEngine:255 - oldGeneratedFile, C:\Projects\STM32_Projects\F4_SD\SD_Reader\MXTmpFiles\gpio.tmp_save
2024-12-06 01:07:12,172 [INFO] CodeEngine:279 - Generated code: C:\Projects\STM32_Projects\F4_SD\SD_Reader\MXTmpFiles\gpio.tmp
2024-12-06 01:07:12,518 [INFO] CodeEngine:255 - oldGeneratedFile, C:\Projects\STM32_Projects\F4_SD\SD_Reader\MXTmpFiles\fatfs_HalInit.tmp_save
2024-12-06 01:07:12,923 [INFO] CodeEngine:279 - Generated code: C:\Projects\STM32_Projects\F4_SD\SD_Reader\MXTmpFiles\fatfs_HalInit.tmp
2024-12-06 01:07:12,932 [INFO] CodeEngine:255 - oldGeneratedFile, C:\Projects\STM32_Projects\F4_SD\SD_Reader\MXTmpFiles\fatfs_vars.tmp_save
2024-12-06 01:07:13,218 [INFO] CodeEngine:279 - Generated code: C:\Projects\STM32_Projects\F4_SD\SD_Reader\MXTmpFiles\fatfs_vars.tmp
2024-12-06 01:07:13,227 [INFO] CodeEngine:255 - oldGeneratedFile, C:\Projects\STM32_Projects\F4_SD\SD_Reader\MXTmpFiles\fatfs_ext_vars.tmp_save
2024-12-06 01:07:13,450 [INFO] CodeEngine:279 - Generated code: C:\Projects\STM32_Projects\F4_SD\SD_Reader\MXTmpFiles\fatfs_ext_vars.tmp
2024-12-06 01:07:13,458 [INFO] CodeEngine:255 - oldGeneratedFile, C:\Projects\STM32_Projects\F4_SD\SD_Reader\MXTmpFiles\fatfs_inc.tmp_save
2024-12-06 01:07:13,626 [INFO] CodeEngine:279 - Generated code: C:\Projects\STM32_Projects\F4_SD\SD_Reader\MXTmpFiles\fatfs_inc.tmp
2024-12-06 01:07:13,660 [INFO] CodeEngine:255 - oldGeneratedFile, C:\Projects\STM32_Projects\F4_SD\SD_Reader\MXTmpFiles\dma.tmp_save
2024-12-06 01:07:13,862 [INFO] CodeEngine:279 - Generated code: C:\Projects\STM32_Projects\F4_SD\SD_Reader\MXTmpFiles\dma.tmp
2024-12-06 01:07:13,868 [INFO] CodeEngine:255 - oldGeneratedFile, C:\Projects\STM32_Projects\F4_SD\SD_Reader\MXTmpFiles\dma_GV.tmp_save
2024-12-06 01:07:14,022 [INFO] CodeEngine:279 - Generated code: C:\Projects\STM32_Projects\F4_SD\SD_Reader\MXTmpFiles\dma_GV.tmp
2024-12-06 01:07:14,059 [INFO] CodeEngine:255 - oldGeneratedFile, C:\Projects\STM32_Projects\F4_SD\SD_Reader\MXTmpFiles\fatfs_HalInit.tmp_save
2024-12-06 01:07:14,237 [INFO] CodeEngine:279 - Generated code: C:\Projects\STM32_Projects\F4_SD\SD_Reader\MXTmpFiles\fatfs_HalInit.tmp
2024-12-06 01:07:14,251 [INFO] CodeEngine:255 - oldGeneratedFile, C:\Projects\STM32_Projects\F4_SD\SD_Reader\MXTmpFiles\fatfs_vars.tmp_save
2024-12-06 01:07:14,379 [INFO] CodeEngine:279 - Generated code: C:\Projects\STM32_Projects\F4_SD\SD_Reader\MXTmpFiles\fatfs_vars.tmp
2024-12-06 01:07:14,391 [INFO] CodeEngine:255 - oldGeneratedFile, C:\Projects\STM32_Projects\F4_SD\SD_Reader\MXTmpFiles\fatfs_ext_vars.tmp_save
2024-12-06 01:07:14,513 [INFO] CodeEngine:279 - Generated code: C:\Projects\STM32_Projects\F4_SD\SD_Reader\MXTmpFiles\fatfs_ext_vars.tmp
2024-12-06 01:07:14,522 [INFO] CodeEngine:255 - oldGeneratedFile, C:\Projects\STM32_Projects\F4_SD\SD_Reader\MXTmpFiles\fatfs_inc.tmp_save
2024-12-06 01:07:14,650 [INFO] CodeEngine:279 - Generated code: C:\Projects\STM32_Projects\F4_SD\SD_Reader\MXTmpFiles\fatfs_inc.tmp
2024-12-06 01:07:14,687 [INFO] CodeEngine:255 - oldGeneratedFile, C:\Projects\STM32_Projects\F4_SD\SD_Reader\FATFS\Target\ffconf.h_save
2024-12-06 01:07:14,988 [INFO] CodeEngine:279 - Generated code: C:\Projects\STM32_Projects\F4_SD\SD_Reader\FATFS\Target\ffconf.h
2024-12-06 01:07:15,024 [INFO] CodeEngine:255 - oldGeneratedFile, C:\Projects\STM32_Projects\F4_SD\SD_Reader\FATFS\Target\bsp_driver_sd.c_save
2024-12-06 01:07:15,206 [INFO] CodeEngine:279 - Generated code: C:\Projects\STM32_Projects\F4_SD\SD_Reader\FATFS\Target\bsp_driver_sd.c
2024-12-06 01:07:15,220 [INFO] CodeEngine:255 - oldGeneratedFile, C:\Projects\STM32_Projects\F4_SD\SD_Reader\FATFS\Target\bsp_driver_sd.h_save
2024-12-06 01:07:15,334 [INFO] CodeEngine:279 - Generated code: C:\Projects\STM32_Projects\F4_SD\SD_Reader\FATFS\Target\bsp_driver_sd.h
2024-12-06 01:07:15,346 [INFO] CodeEngine:255 - oldGeneratedFile, C:\Projects\STM32_Projects\F4_SD\SD_Reader\FATFS\Target\sd_diskio.h_save
2024-12-06 01:07:15,454 [INFO] CodeEngine:279 - Generated code: C:\Projects\STM32_Projects\F4_SD\SD_Reader\FATFS\Target\sd_diskio.h
2024-12-06 01:07:15,481 [INFO] CodeEngine:255 - oldGeneratedFile, C:\Projects\STM32_Projects\F4_SD\SD_Reader\FATFS\Target\sd_diskio.c_save
2024-12-06 01:07:15,603 [INFO] CodeEngine:279 - Generated code: C:\Projects\STM32_Projects\F4_SD\SD_Reader\FATFS\Target\sd_diskio.c
2024-12-06 01:07:15,615 [INFO] CodeEngine:255 - oldGeneratedFile, C:\Projects\STM32_Projects\F4_SD\SD_Reader\FATFS\App\fatfs.c_save
2024-12-06 01:07:15,755 [INFO] CodeEngine:279 - Generated code: C:\Projects\STM32_Projects\F4_SD\SD_Reader\FATFS\App\fatfs.c
2024-12-06 01:07:15,766 [INFO] CodeEngine:255 - oldGeneratedFile, C:\Projects\STM32_Projects\F4_SD\SD_Reader\FATFS\App\fatfs.h_save
2024-12-06 01:07:15,894 [INFO] CodeEngine:279 - Generated code: C:\Projects\STM32_Projects\F4_SD\SD_Reader\FATFS\App\fatfs.h
2024-12-06 01:07:15,905 [INFO] CodeEngine:255 - oldGeneratedFile, C:\Projects\STM32_Projects\F4_SD\SD_Reader\FATFS\Target\fatfs_platform.c_save
2024-12-06 01:07:16,035 [INFO] CodeEngine:279 - Generated code: C:\Projects\STM32_Projects\F4_SD\SD_Reader\FATFS\Target\fatfs_platform.c
2024-12-06 01:07:16,047 [INFO] CodeEngine:255 - oldGeneratedFile, C:\Projects\STM32_Projects\F4_SD\SD_Reader\FATFS\Target\fatfs_platform.h_save
2024-12-06 01:07:16,173 [INFO] CodeEngine:279 - Generated code: C:\Projects\STM32_Projects\F4_SD\SD_Reader\FATFS\Target\fatfs_platform.h
2024-12-06 01:07:16,236 [INFO] CodeEngine:255 - oldGeneratedFile, C:\Projects\STM32_Projects\F4_SD\SD_Reader\Core\Src\stm32f4xx_it.c_save
2024-12-06 01:07:16,405 [INFO] CodeEngine:279 - Generated code: C:\Projects\STM32_Projects\F4_SD\SD_Reader\Core\Src\stm32f4xx_it.c
2024-12-06 01:07:16,420 [INFO] CodeEngine:255 - oldGeneratedFile, C:\Projects\STM32_Projects\F4_SD\SD_Reader\Core\Inc\stm32f4xx_it.h_save
2024-12-06 01:07:16,570 [INFO] CodeEngine:279 - Generated code: C:\Projects\STM32_Projects\F4_SD\SD_Reader\Core\Inc\stm32f4xx_it.h
2024-12-06 01:07:16,640 [INFO] CodeEngine:255 - oldGeneratedFile, C:\Projects\STM32_Projects\F4_SD\SD_Reader\Core\Src\stm32f4xx_hal_msp.c_save
2024-12-06 01:07:16,858 [INFO] CodeEngine:279 - Generated code: C:\Projects\STM32_Projects\F4_SD\SD_Reader\Core\Src\stm32f4xx_hal_msp.c
2024-12-06 01:07:16,866 [INFO] CodeEngine:255 - oldGeneratedFile, C:\Projects\STM32_Projects\F4_SD\SD_Reader\MXTmpFiles\system.tmp_save
2024-12-06 01:07:16,972 [INFO] CodeEngine:279 - Generated code: C:\Projects\STM32_Projects\F4_SD\SD_Reader\MXTmpFiles\system.tmp
2024-12-06 01:07:17,022 [INFO] CodeEngine:311 - oldGeneratedFile, C:\Projects\STM32_Projects\F4_SD\SD_Reader\Core\Inc\stm32f4xx_hal_conf.h_save
2024-12-06 01:07:17,255 [INFO] CodeEngine:335 - Generated code: C:\Projects\STM32_Projects\F4_SD\SD_Reader\Core\Inc\stm32f4xx_hal_conf.h
2024-12-06 01:07:17,382 [INFO] CodeEngine:255 - oldGeneratedFile, C:\Projects\STM32_Projects\F4_SD\SD_Reader\Core\Inc\main.h_save
2024-12-06 01:07:17,513 [INFO] CodeEngine:279 - Generated code: C:\Projects\STM32_Projects\F4_SD\SD_Reader\Core\Inc\main.h
2024-12-06 01:07:17,549 [INFO] CodeEngine:255 - oldGeneratedFile, C:\Projects\STM32_Projects\F4_SD\SD_Reader\Core\Src\main.c_save
2024-12-06 01:07:17,835 [INFO] CodeEngine:279 - Generated code: C:\Projects\STM32_Projects\F4_SD\SD_Reader\Core\Src\main.c
2024-12-06 01:07:18,500 [INFO] ProjectBuilder:3289 - Time for Copy HAL[1] : 377mS.
2024-12-06 01:07:18,513 [INFO] ProjectBuilder:4876 - Project Generator version: 4.5.0-RC5
2024-12-06 01:07:18,676 [INFO] ConfigFileManager:1579 - The Die is : DIE413
2024-12-06 01:07:21,494 [INFO] ProjectBuilder:5154 - Time for Generating toolchain IDE Files: 2980mS.
2024-12-06 01:07:21,496 [INFO] ProjectBuilder:3146 - Time for Copy CMSIS : 2mS.
2024-12-06 01:07:21,506 [INFO] ProjectBuilder:3146 - Time for Copy CMSIS : 0mS.
2024-12-06 01:08:28,537 [INFO] UtilMem:75 - End SaveConfig() Used Memory: 401257464 Bytes (697303040)
2024-12-06 01:08:28,655 [INFO] UtilMem:75 - End SaveConfig() Used Memory: 423799800 Bytes (697303040)
2024-12-06 01:08:29,273 [INFO] UtilMem:75 - End SaveConfig() Used Memory: 462074872 Bytes (697303040)
2024-12-06 01:08:29,548 [INFO] BlockDiagram:2766 - set Specific Code input for plugin: SDIO
2024-12-06 01:08:29,548 [INFO] BlockDiagram:2766 - set Specific Code input for plugin: SYS
2024-12-06 01:08:29,549 [INFO] BlockDiagram:2766 - set Specific Code input for plugin: RCC
2024-12-06 01:08:29,549 [INFO] BlockDiagram:2766 - set Specific Code input for plugin: NVIC
2024-12-06 01:08:29,550 [INFO] BlockDiagram:2766 - set Specific Code input for plugin: USART
2024-12-06 01:08:29,550 [INFO] BlockDiagram:2766 - set Specific Code input for plugin: DMA
2024-12-06 01:08:29,551 [INFO] BlockDiagram:2766 - set Specific Code input for plugin: GPIO
2024-12-06 01:08:29,551 [INFO] BlockDiagram:2766 - set Specific Code input for plugin: FATFS
2024-12-06 01:08:29,553 [INFO] CodeGenerator:896 - code generatio: config db path: C:\ST\STM32CubeIDE_1.17.0\STM32CubeIDE\plugins\com.st.stm32cube.common.mx_6.13.0.202411220809\\db\
2024-12-06 01:08:29,564 [INFO] Argument:325 - Argument : hdmavalue: null
2024-12-06 01:08:29,564 [INFO] Argument:327 - 	 sub Args: 
2024-12-06 01:08:29,564 [INFO] Argument:325 - Argument : Instancevalue: DMA1_Stream6
2024-12-06 01:08:29,564 [INFO] Argument:335 - Argument : Instancevalue: DMA1_Stream6
2024-12-06 01:08:29,564 [INFO] Argument:325 - Argument : Initvalue: null
2024-12-06 01:08:29,565 [INFO] Argument:327 - 	 sub Args: 
2024-12-06 01:08:29,565 [INFO] Argument:325 - Argument : Channelvalue: DMA_CHANNEL_4
2024-12-06 01:08:29,565 [INFO] Argument:335 - Argument : Channelvalue: DMA_CHANNEL_4
2024-12-06 01:08:29,565 [INFO] Argument:325 - Argument : Directionvalue: DMA_MEMORY_TO_PERIPH
2024-12-06 01:08:29,565 [INFO] Argument:335 - Argument : Directionvalue: DMA_MEMORY_TO_PERIPH
2024-12-06 01:08:29,565 [INFO] Argument:325 - Argument : PeriphIncvalue: DMA_PINC_DISABLE
2024-12-06 01:08:29,565 [INFO] Argument:335 - Argument : PeriphIncvalue: DMA_PINC_DISABLE
2024-12-06 01:08:29,565 [INFO] Argument:325 - Argument : MemIncvalue: DMA_MINC_ENABLE
2024-12-06 01:08:29,565 [INFO] Argument:335 - Argument : MemIncvalue: DMA_MINC_ENABLE
2024-12-06 01:08:29,565 [INFO] Argument:325 - Argument : PeriphDataAlignmentvalue: DMA_PDATAALIGN_BYTE
2024-12-06 01:08:29,565 [INFO] Argument:335 - Argument : PeriphDataAlignmentvalue: DMA_PDATAALIGN_BYTE
2024-12-06 01:08:29,565 [INFO] Argument:325 - Argument : MemDataAlignmentvalue: DMA_MDATAALIGN_BYTE
2024-12-06 01:08:29,565 [INFO] Argument:335 - Argument : MemDataAlignmentvalue: DMA_MDATAALIGN_BYTE
2024-12-06 01:08:29,565 [INFO] Argument:325 - Argument : Modevalue: DMA_NORMAL
2024-12-06 01:08:29,565 [INFO] Argument:335 - Argument : Modevalue: DMA_NORMAL
2024-12-06 01:08:29,565 [INFO] Argument:325 - Argument : Priorityvalue: DMA_PRIORITY_MEDIUM
2024-12-06 01:08:29,565 [INFO] Argument:335 - Argument : Priorityvalue: DMA_PRIORITY_MEDIUM
2024-12-06 01:08:29,565 [INFO] Argument:325 - Argument : FIFOModevalue: DMA_FIFOMODE_DISABLE
2024-12-06 01:08:29,565 [INFO] Argument:335 - Argument : FIFOModevalue: DMA_FIFOMODE_DISABLE
2024-12-06 01:08:29,565 [INFO] Argument:325 - Argument : FIFOThresholdvalue: null
2024-12-06 01:08:29,565 [INFO] Argument:335 - Argument : FIFOThresholdvalue: null
2024-12-06 01:08:29,565 [INFO] Argument:325 - Argument : MemBurstvalue: null
2024-12-06 01:08:29,565 [INFO] Argument:335 - Argument : MemBurstvalue: null
2024-12-06 01:08:29,565 [INFO] Argument:325 - Argument : PeriphBurstvalue: null
2024-12-06 01:08:29,565 [INFO] Argument:335 - Argument : PeriphBurstvalue: null
2024-12-06 01:08:29,565 [INFO] Argument:325 - Argument : Lockvalue: null
2024-12-06 01:08:29,565 [INFO] Argument:335 - Argument : Lockvalue: null
2024-12-06 01:08:29,565 [INFO] Argument:325 - Argument : Statevalue: null
2024-12-06 01:08:29,565 [INFO] Argument:335 - Argument : Statevalue: null
2024-12-06 01:08:29,565 [INFO] Argument:325 - Argument : Parentvalue: null
2024-12-06 01:08:29,565 [INFO] Argument:335 - Argument : Parentvalue: null
2024-12-06 01:08:29,565 [INFO] Argument:325 - Argument : XferCpltCallbackvalue: null
2024-12-06 01:08:29,565 [INFO] Argument:335 - Argument : XferCpltCallbackvalue: null
2024-12-06 01:08:29,565 [INFO] Argument:325 - Argument : XferHalfCpltCallbackvalue: null
2024-12-06 01:08:29,565 [INFO] Argument:335 - Argument : XferHalfCpltCallbackvalue: null
2024-12-06 01:08:29,565 [INFO] Argument:325 - Argument : XferM1CpltCallbackvalue: null
2024-12-06 01:08:29,565 [INFO] Argument:335 - Argument : XferM1CpltCallbackvalue: null
2024-12-06 01:08:29,565 [INFO] Argument:325 - Argument : XferErrorCallbackvalue: null
2024-12-06 01:08:29,565 [INFO] Argument:335 - Argument : XferErrorCallbackvalue: null
2024-12-06 01:08:29,565 [INFO] Argument:325 - Argument : ErrorCodevalue: null
2024-12-06 01:08:29,565 [INFO] Argument:335 - Argument : ErrorCodevalue: null
2024-12-06 01:08:29,624 [INFO] CodeEngine:255 - oldGeneratedFile, C:\Projects\STM32_Projects\F4_SD\SD_Reader\MXTmpFiles\license.tmp_save
2024-12-06 01:08:29,697 [INFO] CodeEngine:279 - Generated code: C:\Projects\STM32_Projects\F4_SD\SD_Reader\MXTmpFiles\license.tmp
2024-12-06 01:08:29,715 [INFO] CodeEngine:255 - oldGeneratedFile, C:\Projects\STM32_Projects\F4_SD\SD_Reader\MXTmpFiles\gpio.tmp_save
2024-12-06 01:08:29,787 [INFO] CodeEngine:279 - Generated code: C:\Projects\STM32_Projects\F4_SD\SD_Reader\MXTmpFiles\gpio.tmp
2024-12-06 01:08:29,882 [INFO] CodeEngine:255 - oldGeneratedFile, C:\Projects\STM32_Projects\F4_SD\SD_Reader\MXTmpFiles\fatfs_HalInit.tmp_save
2024-12-06 01:08:29,954 [INFO] CodeEngine:279 - Generated code: C:\Projects\STM32_Projects\F4_SD\SD_Reader\MXTmpFiles\fatfs_HalInit.tmp
2024-12-06 01:08:29,956 [INFO] CodeEngine:255 - oldGeneratedFile, C:\Projects\STM32_Projects\F4_SD\SD_Reader\MXTmpFiles\fatfs_vars.tmp_save
2024-12-06 01:08:30,001 [INFO] CodeEngine:279 - Generated code: C:\Projects\STM32_Projects\F4_SD\SD_Reader\MXTmpFiles\fatfs_vars.tmp
2024-12-06 01:08:30,004 [INFO] CodeEngine:255 - oldGeneratedFile, C:\Projects\STM32_Projects\F4_SD\SD_Reader\MXTmpFiles\fatfs_ext_vars.tmp_save
2024-12-06 01:08:30,054 [INFO] CodeEngine:279 - Generated code: C:\Projects\STM32_Projects\F4_SD\SD_Reader\MXTmpFiles\fatfs_ext_vars.tmp
2024-12-06 01:08:30,056 [INFO] CodeEngine:255 - oldGeneratedFile, C:\Projects\STM32_Projects\F4_SD\SD_Reader\MXTmpFiles\fatfs_inc.tmp_save
2024-12-06 01:08:30,102 [INFO] CodeEngine:279 - Generated code: C:\Projects\STM32_Projects\F4_SD\SD_Reader\MXTmpFiles\fatfs_inc.tmp
2024-12-06 01:08:30,113 [INFO] CodeEngine:255 - oldGeneratedFile, C:\Projects\STM32_Projects\F4_SD\SD_Reader\MXTmpFiles\dma.tmp_save
2024-12-06 01:08:30,181 [INFO] CodeEngine:279 - Generated code: C:\Projects\STM32_Projects\F4_SD\SD_Reader\MXTmpFiles\dma.tmp
2024-12-06 01:08:30,183 [INFO] CodeEngine:255 - oldGeneratedFile, C:\Projects\STM32_Projects\F4_SD\SD_Reader\MXTmpFiles\dma_GV.tmp_save
2024-12-06 01:08:30,225 [INFO] CodeEngine:279 - Generated code: C:\Projects\STM32_Projects\F4_SD\SD_Reader\MXTmpFiles\dma_GV.tmp
2024-12-06 01:08:30,237 [INFO] CodeEngine:255 - oldGeneratedFile, C:\Projects\STM32_Projects\F4_SD\SD_Reader\MXTmpFiles\fatfs_HalInit.tmp_save
2024-12-06 01:08:30,296 [INFO] CodeEngine:279 - Generated code: C:\Projects\STM32_Projects\F4_SD\SD_Reader\MXTmpFiles\fatfs_HalInit.tmp
2024-12-06 01:08:30,300 [INFO] CodeEngine:255 - oldGeneratedFile, C:\Projects\STM32_Projects\F4_SD\SD_Reader\MXTmpFiles\fatfs_vars.tmp_save
2024-12-06 01:08:30,355 [INFO] CodeEngine:279 - Generated code: C:\Projects\STM32_Projects\F4_SD\SD_Reader\MXTmpFiles\fatfs_vars.tmp
2024-12-06 01:08:30,361 [INFO] CodeEngine:255 - oldGeneratedFile, C:\Projects\STM32_Projects\F4_SD\SD_Reader\MXTmpFiles\fatfs_ext_vars.tmp_save
2024-12-06 01:08:30,417 [INFO] CodeEngine:279 - Generated code: C:\Projects\STM32_Projects\F4_SD\SD_Reader\MXTmpFiles\fatfs_ext_vars.tmp
2024-12-06 01:08:30,421 [INFO] CodeEngine:255 - oldGeneratedFile, C:\Projects\STM32_Projects\F4_SD\SD_Reader\MXTmpFiles\fatfs_inc.tmp_save
2024-12-06 01:08:30,472 [INFO] CodeEngine:279 - Generated code: C:\Projects\STM32_Projects\F4_SD\SD_Reader\MXTmpFiles\fatfs_inc.tmp
2024-12-06 01:08:30,500 [INFO] CodeEngine:255 - oldGeneratedFile, C:\Projects\STM32_Projects\F4_SD\SD_Reader\FATFS\Target\ffconf.h_save
2024-12-06 01:08:30,678 [INFO] CodeEngine:279 - Generated code: C:\Projects\STM32_Projects\F4_SD\SD_Reader\FATFS\Target\ffconf.h
2024-12-06 01:08:30,693 [INFO] CodeEngine:255 - oldGeneratedFile, C:\Projects\STM32_Projects\F4_SD\SD_Reader\FATFS\Target\bsp_driver_sd.c_save
2024-12-06 01:08:30,770 [INFO] CodeEngine:279 - Generated code: C:\Projects\STM32_Projects\F4_SD\SD_Reader\FATFS\Target\bsp_driver_sd.c
2024-12-06 01:08:30,778 [INFO] CodeEngine:255 - oldGeneratedFile, C:\Projects\STM32_Projects\F4_SD\SD_Reader\FATFS\Target\bsp_driver_sd.h_save
2024-12-06 01:08:30,834 [INFO] CodeEngine:279 - Generated code: C:\Projects\STM32_Projects\F4_SD\SD_Reader\FATFS\Target\bsp_driver_sd.h
2024-12-06 01:08:30,845 [INFO] CodeEngine:255 - oldGeneratedFile, C:\Projects\STM32_Projects\F4_SD\SD_Reader\FATFS\Target\sd_diskio.h_save
2024-12-06 01:08:30,901 [INFO] CodeEngine:279 - Generated code: C:\Projects\STM32_Projects\F4_SD\SD_Reader\FATFS\Target\sd_diskio.h
2024-12-06 01:08:30,918 [INFO] CodeEngine:255 - oldGeneratedFile, C:\Projects\STM32_Projects\F4_SD\SD_Reader\FATFS\Target\sd_diskio.c_save
2024-12-06 01:08:30,992 [INFO] CodeEngine:279 - Generated code: C:\Projects\STM32_Projects\F4_SD\SD_Reader\FATFS\Target\sd_diskio.c
2024-12-06 01:08:30,999 [INFO] CodeEngine:255 - oldGeneratedFile, C:\Projects\STM32_Projects\F4_SD\SD_Reader\FATFS\App\fatfs.c_save
2024-12-06 01:08:31,069 [INFO] CodeEngine:279 - Generated code: C:\Projects\STM32_Projects\F4_SD\SD_Reader\FATFS\App\fatfs.c
2024-12-06 01:08:31,077 [INFO] CodeEngine:255 - oldGeneratedFile, C:\Projects\STM32_Projects\F4_SD\SD_Reader\FATFS\App\fatfs.h_save
2024-12-06 01:08:31,131 [INFO] CodeEngine:279 - Generated code: C:\Projects\STM32_Projects\F4_SD\SD_Reader\FATFS\App\fatfs.h
2024-12-06 01:08:31,135 [INFO] CodeEngine:255 - oldGeneratedFile, C:\Projects\STM32_Projects\F4_SD\SD_Reader\FATFS\Target\fatfs_platform.c_save
2024-12-06 01:08:31,185 [INFO] CodeEngine:279 - Generated code: C:\Projects\STM32_Projects\F4_SD\SD_Reader\FATFS\Target\fatfs_platform.c
2024-12-06 01:08:31,191 [INFO] CodeEngine:255 - oldGeneratedFile, C:\Projects\STM32_Projects\F4_SD\SD_Reader\FATFS\Target\fatfs_platform.h_save
2024-12-06 01:08:31,241 [INFO] CodeEngine:279 - Generated code: C:\Projects\STM32_Projects\F4_SD\SD_Reader\FATFS\Target\fatfs_platform.h
2024-12-06 01:08:31,269 [INFO] CodeEngine:255 - oldGeneratedFile, C:\Projects\STM32_Projects\F4_SD\SD_Reader\Core\Src\stm32f4xx_it.c_save
2024-12-06 01:08:31,347 [INFO] CodeEngine:279 - Generated code: C:\Projects\STM32_Projects\F4_SD\SD_Reader\Core\Src\stm32f4xx_it.c
2024-12-06 01:08:31,352 [INFO] CodeEngine:255 - oldGeneratedFile, C:\Projects\STM32_Projects\F4_SD\SD_Reader\Core\Inc\stm32f4xx_it.h_save
2024-12-06 01:08:31,405 [INFO] CodeEngine:279 - Generated code: C:\Projects\STM32_Projects\F4_SD\SD_Reader\Core\Inc\stm32f4xx_it.h
2024-12-06 01:08:31,434 [INFO] CodeEngine:255 - oldGeneratedFile, C:\Projects\STM32_Projects\F4_SD\SD_Reader\Core\Src\stm32f4xx_hal_msp.c_save
2024-12-06 01:08:31,515 [INFO] CodeEngine:279 - Generated code: C:\Projects\STM32_Projects\F4_SD\SD_Reader\Core\Src\stm32f4xx_hal_msp.c
2024-12-06 01:08:31,518 [INFO] CodeEngine:255 - oldGeneratedFile, C:\Projects\STM32_Projects\F4_SD\SD_Reader\MXTmpFiles\system.tmp_save
2024-12-06 01:08:31,581 [INFO] CodeEngine:279 - Generated code: C:\Projects\STM32_Projects\F4_SD\SD_Reader\MXTmpFiles\system.tmp
2024-12-06 01:08:31,610 [INFO] CodeEngine:311 - oldGeneratedFile, C:\Projects\STM32_Projects\F4_SD\SD_Reader\Core\Inc\stm32f4xx_hal_conf.h_save
2024-12-06 01:08:31,713 [INFO] CodeEngine:335 - Generated code: C:\Projects\STM32_Projects\F4_SD\SD_Reader\Core\Inc\stm32f4xx_hal_conf.h
2024-12-06 01:08:31,782 [INFO] CodeEngine:255 - oldGeneratedFile, C:\Projects\STM32_Projects\F4_SD\SD_Reader\Core\Inc\main.h_save
2024-12-06 01:08:31,852 [INFO] CodeEngine:279 - Generated code: C:\Projects\STM32_Projects\F4_SD\SD_Reader\Core\Inc\main.h
2024-12-06 01:08:31,867 [INFO] CodeEngine:255 - oldGeneratedFile, C:\Projects\STM32_Projects\F4_SD\SD_Reader\Core\Src\main.c_save
2024-12-06 01:08:31,983 [INFO] CodeEngine:279 - Generated code: C:\Projects\STM32_Projects\F4_SD\SD_Reader\Core\Src\main.c
2024-12-06 01:08:32,405 [INFO] ProjectBuilder:3289 - Time for Copy HAL[1] : 217mS.
2024-12-06 01:08:32,413 [INFO] ProjectBuilder:4876 - Project Generator version: 4.5.0-RC5
2024-12-06 01:08:32,490 [INFO] ConfigFileManager:1579 - The Die is : DIE413
2024-12-06 01:08:33,391 [INFO] ProjectBuilder:5154 - Time for Generating toolchain IDE Files: 978mS.
2024-12-06 01:08:33,393 [INFO] ProjectBuilder:3146 - Time for Copy CMSIS : 1mS.
2024-12-06 01:08:33,402 [INFO] ProjectBuilder:3146 - Time for Copy CMSIS : 0mS.
